{"numTotalTestSuites":316,"numPassedTestSuites":316,"numFailedTestSuites":0,"numPendingTestSuites":0,"numTotalTests":831,"numPassedTests":705,"numFailedTests":0,"numPendingTests":126,"numTodoTests":0,"snapshot":{"added":0,"failure":false,"filesAdded":0,"filesRemoved":0,"filesRemovedList":[],"filesUnmatched":0,"filesUpdated":0,"matched":0,"total":0,"unchecked":0,"uncheckedKeysByFile":[],"unmatched":0,"updated":0,"didUpdate":false},"startTime":1775323851736,"success":true,"testResults":[{"assertionResults":[{"ancestorTitles":["LanguageSwitcher"],"fullName":"LanguageSwitcher should render without crashing","status":"passed","title":"should render without crashing","duration":99.17490300000009,"failureMessages":[],"meta":{},"tags":[]},{"ancestorTitles":["LanguageSwitcher"],"fullName":"LanguageSwitcher should render language selector component","status":"passed","title":"should render language selector component","duration":31.51008999999999,"failureMessages":[],"meta":{},"tags":[]},{"ancestorTitles":["LanguageSwitcher"],"fullName":"LanguageSwitcher should have accessible elements","status":"passed","title":"should have accessible elements","duration":24.373350000000073,"failureMessages":[],"meta":{},"tags":[]},{"ancestorTitles":["LanguageSwitcher"],"fullName":"LanguageSwitcher should integrate with i18n","status":"passed","title":"should integrate with i18n","duration":24.06853799999999,"failureMessages":[],"meta":{},"tags":[]}],"startTime":1775323870782,"endTime":1775323870961.0686,"status":"passed","message":"","name":"/home/user/ownjournal/src/components/__tests__/LanguageSwitcher.test.tsx"},{"assertionResults":[{"ancestorTitles":["SyncStatusIndicator"],"fullName":"SyncStatusIndicator should render without crashing","status":"passed","title":"should render without crashing","duration":32.08003799999983,"failureMessages":[],"meta":{},"tags":[]},{"ancestorTitles":["SyncStatusIndicator"],"fullName":"SyncStatusIndicator should render with idle status","status":"passed","title":"should render with idle status","duration":7.656969000000117,"failureMessages":[],"meta":{},"tags":[]},{"ancestorTitles":["SyncStatusIndicator"],"fullName":"SyncStatusIndicator should render with syncing status","status":"passed","title":"should render with syncing status","duration":3.9930759999999736,"failureMessages":[],"meta":{},"tags":[]},{"ancestorTitles":["SyncStatusIndicator"],"fullName":"SyncStatusIndicator should render with error status","status":"passed","title":"should render with error status","duration":12.505542999999989,"failureMessages":[],"meta":{},"tags":[]},{"ancestorTitles":["SyncStatusIndicator"],"fullName":"SyncStatusIndicator should render with success status","status":"passed","title":"should render with success status","duration":3.678914000000077,"failureMessages":[],"meta":{},"tags":[]},{"ancestorTitles":["SyncStatusIndicator"],"fullName":"SyncStatusIndicator should handle empty connectedProviders","status":"passed","title":"should handle empty connectedProviders","duration":2.278098,"failureMessages":[],"meta":{},"tags":[]},{"ancestorTitles":["SyncStatusIndicator"],"fullName":"SyncStatusIndicator should handle multiple connectedProviders","status":"passed","title":"should handle multiple connectedProviders","duration":2.101026999999931,"failureMessages":[],"meta":{},"tags":[]},{"ancestorTitles":["SyncStatusIndicator"],"fullName":"SyncStatusIndicator should be visually distinct for different statuses","status":"passed","title":"should be visually distinct for different statuses","duration":6.420816000000059,"failureMessages":[],"meta":{},"tags":[]},{"ancestorTitles":["SyncStatusIndicator"],"fullName":"SyncStatusIndicator should render accessibility attributes","status":"passed","title":"should render accessibility attributes","duration":5.70435899999984,"failureMessages":[],"meta":{},"tags":[]},{"ancestorTitles":["SyncStatusIndicator"],"fullName":"SyncStatusIndicator should render consistently with minimal props","status":"passed","title":"should render consistently with minimal props","duration":2.4374880000000303,"failureMessages":[],"meta":{},"tags":[]},{"ancestorTitles":["SyncStatusIndicator"],"fullName":"SyncStatusIndicator should update when status changes","status":"passed","title":"should update when status changes","duration":3.5781610000001365,"failureMessages":[],"meta":{},"tags":[]},{"ancestorTitles":["SyncStatusIndicator"],"fullName":"SyncStatusIndicator should show appropriate message for no connected providers","status":"passed","title":"should show appropriate message for no connected providers","duration":1.7455019999999877,"failureMessages":[],"meta":{},"tags":[]}],"startTime":1775323878270,"endTime":1775323878354.7456,"status":"passed","message":"","name":"/home/user/ownjournal/src/components/__tests__/SyncStatusIndicator.test.tsx"},{"assertionResults":[{"ancestorTitles":["useIsMobile"],"fullName":"useIsMobile should initialize with undefined","status":"passed","title":"should initialize with undefined","duration":14.075378,"failureMessages":[],"meta":{},"tags":[]},{"ancestorTitles":["useIsMobile"],"fullName":"useIsMobile should detect mobile viewport","status":"passed","title":"should detect mobile viewport","duration":2.6838149999999814,"failureMessages":[],"meta":{},"tags":[]},{"ancestorTitles":["useIsMobile"],"fullName":"useIsMobile should detect desktop viewport","status":"passed","title":"should detect desktop viewport","duration":2.452152000000069,"failureMessages":[],"meta":{},"tags":[]},{"ancestorTitles":["useIsMobile"],"fullName":"useIsMobile should update when viewport changes","status":"passed","title":"should update when viewport changes","duration":2.1115330000000085,"failureMessages":[],"meta":{},"tags":[]},{"ancestorTitles":["useIsMobile"],"fullName":"useIsMobile should use 768px as breakpoint","status":"passed","title":"should use 768px as breakpoint","duration":2.9134070000000065,"failureMessages":[],"meta":{},"tags":[]},{"ancestorTitles":["useIsMobile"],"fullName":"useIsMobile should cleanup event listeners on unmount","status":"passed","title":"should cleanup event listeners on unmount","duration":1.8270179999999527,"failureMessages":[],"meta":{},"tags":[]},{"ancestorTitles":["useIsMobile"],"fullName":"useIsMobile should handle multiple viewport changes","status":"passed","title":"should handle multiple viewport changes","duration":2.021601999999916,"failureMessages":[],"meta":{},"tags":[]},{"ancestorTitles":["useIsMobile"],"fullName":"useIsMobile should always return boolean","status":"passed","title":"should always return boolean","duration":1.893732,"failureMessages":[],"meta":{},"tags":[]}],"startTime":1775323884207,"endTime":1775323884236.8938,"status":"passed","message":"","name":"/home/user/ownjournal/src/hooks/__tests__/use-mobile.test.tsx"},{"assertionResults":[{"ancestorTitles":["useToast"],"fullName":"useToast should initialize with empty toasts","status":"passed","title":"should initialize with empty toasts","duration":16.036969999999997,"failureMessages":[],"meta":{},"tags":[]},{"ancestorTitles":["useToast"],"fullName":"useToast should add a toast","status":"passed","title":"should add a toast","duration":5.055012999999917,"failureMessages":[],"meta":{},"tags":[]},{"ancestorTitles":["useToast"],"fullName":"useToast should limit toasts to TOAST_LIMIT","status":"passed","title":"should limit toasts to TOAST_LIMIT","duration":2.7707470000000285,"failureMessages":[],"meta":{},"tags":[]},{"ancestorTitles":["useToast"],"fullName":"useToast should dismiss a specific toast","status":"passed","title":"should dismiss a specific toast","duration":2.856666000000132,"failureMessages":[],"meta":{},"tags":[]},{"ancestorTitles":["useToast"],"fullName":"useToast should dismiss all toasts","status":"passed","title":"should dismiss all toasts","duration":2.9527800000000752,"failureMessages":[],"meta":{},"tags":[]},{"ancestorTitles":["useToast"],"fullName":"useToast should update a toast","status":"passed","title":"should update a toast","duration":1.8142589999999927,"failureMessages":[],"meta":{},"tags":[]},{"ancestorTitles":["useToast"],"fullName":"useToast should auto-dismiss toast after delay","status":"passed","title":"should auto-dismiss toast after delay","duration":3.414445999999998,"failureMessages":[],"meta":{},"tags":[]},{"ancestorTitles":["useToast"],"fullName":"useToast should handle toast with action","status":"passed","title":"should handle toast with action","duration":1.5046879999999874,"failureMessages":[],"meta":{},"tags":[]},{"ancestorTitles":["useToast"],"fullName":"useToast should handle toast with variant","status":"passed","title":"should handle toast with variant","duration":2.654174000000012,"failureMessages":[],"meta":{},"tags":[]},{"ancestorTitles":["useToast"],"fullName":"useToast should call onOpenChange when dismissing","status":"passed","title":"should call onOpenChange when dismissing","duration":1.7972320000001218,"failureMessages":[],"meta":{},"tags":[]},{"ancestorTitles":["useToast"],"fullName":"useToast should use standalone toast function","status":"passed","title":"should use standalone toast function","duration":2.269561999999951,"failureMessages":[],"meta":{},"tags":[]},{"ancestorTitles":["useToast"],"fullName":"useToast should generate unique IDs for toasts","status":"passed","title":"should generate unique IDs for toasts","duration":1.4521279999999024,"failureMessages":[],"meta":{},"tags":[]},{"ancestorTitles":["useToast"],"fullName":"useToast should handle rapid toast additions","status":"passed","title":"should handle rapid toast additions","duration":1.3854310000001533,"failureMessages":[],"meta":{},"tags":[]}],"startTime":1775323882928,"endTime":1775323882974.3855,"status":"passed","message":"","name":"/home/user/ownjournal/src/hooks/__tests__/use-toast.test.tsx"},{"assertionResults":[{"ancestorTitles":["usePlatform"],"fullName":"usePlatform should return platform information","status":"passed","title":"should return platform information","duration":15.610932000000048,"failureMessages":[],"meta":{},"tags":[]},{"ancestorTitles":["usePlatform"],"fullName":"usePlatform should return capabilities","status":"passed","title":"should return capabilities","duration":2.6865999999999985,"failureMessages":[],"meta":{},"tags":[]},{"ancestorTitles":["usePlatform"],"fullName":"usePlatform should return OAuth recommendations","status":"passed","title":"should return OAuth recommendations","duration":2.193194999999946,"failureMessages":[],"meta":{},"tags":[]},{"ancestorTitles":["usePlatform"],"fullName":"usePlatform should detect mobile platform","status":"passed","title":"should detect mobile platform","duration":1.6271290000000818,"failureMessages":[],"meta":{},"tags":[]},{"ancestorTitles":["usePlatform"],"fullName":"usePlatform should detect desktop platform","status":"passed","title":"should detect desktop platform","duration":2.9177849999999808,"failureMessages":[],"meta":{},"tags":[]},{"ancestorTitles":["usePlatform"],"fullName":"usePlatform should memoize platform info","status":"passed","title":"should memoize platform info","duration":2.5846939999998995,"failureMessages":[],"meta":{},"tags":[]},{"ancestorTitles":["useIsPlatform"],"fullName":"useIsPlatform should check if on specific platform","status":"passed","title":"should check if on specific platform","duration":1.4184199999999691,"failureMessages":[],"meta":{},"tags":[]},{"ancestorTitles":["useIsPlatform"],"fullName":"useIsPlatform should return false for different platform","status":"passed","title":"should return false for different platform","duration":1.5708839999999782,"failureMessages":[],"meta":{},"tags":[]},{"ancestorTitles":["usePlatformConfig"],"fullName":"usePlatformConfig should return web config when on web","status":"passed","title":"should return web config when on web","duration":2.0726250000000164,"failureMessages":[],"meta":{},"tags":[]},{"ancestorTitles":["usePlatformConfig"],"fullName":"usePlatformConfig should return mobile config when on mobile","status":"passed","title":"should return mobile config when on mobile","duration":1.7298700000000053,"failureMessages":[],"meta":{},"tags":[]},{"ancestorTitles":["usePlatformConfig"],"fullName":"usePlatformConfig should return desktop config when on desktop","status":"passed","title":"should return desktop config when on desktop","duration":1.4386110000000372,"failureMessages":[],"meta":{},"tags":[]},{"ancestorTitles":["usePlatformConfig"],"fullName":"usePlatformConfig should return default when specific config missing","status":"passed","title":"should return default when specific config missing","duration":0.9713809999999512,"failureMessages":[],"meta":{},"tags":[]}],"startTime":1775323883959,"endTime":1775323883996.9714,"status":"passed","message":"","name":"/home/user/ownjournal/src/hooks/__tests__/usePlatform.test.tsx"},{"assertionResults":[{"ancestorTitles":["useTransfer"],"fullName":"useTransfer should initialize with default values","status":"passed","title":"should initialize with default values","duration":13.379431999999952,"failureMessages":[],"meta":{},"tags":[]},{"ancestorTitles":["useTransfer"],"fullName":"useTransfer should handle successful transfer","status":"passed","title":"should handle successful transfer","duration":5.672816000000012,"failureMessages":[],"meta":{},"tags":[]},{"ancestorTitles":["useTransfer"],"fullName":"useTransfer should update progress during transfer","status":"passed","title":"should update progress during transfer","duration":2.487164000000007,"failureMessages":[],"meta":{},"tags":[]},{"ancestorTitles":["useTransfer"],"fullName":"useTransfer should handle transfer errors","status":"passed","title":"should handle transfer errors","duration":2.280422999999928,"failureMessages":[],"meta":{},"tags":[]},{"ancestorTitles":["useTransfer"],"fullName":"useTransfer should handle partial failures","status":"passed","title":"should handle partial failures","duration":2.34987000000001,"failureMessages":[],"meta":{},"tags":[]},{"ancestorTitles":["useTransfer"],"fullName":"useTransfer should reject if source provider not connected","status":"passed","title":"should reject if source provider not connected","duration":1.5649230000000216,"failureMessages":[],"meta":{},"tags":[]},{"ancestorTitles":["useTransfer"],"fullName":"useTransfer should reject if target provider not connected","status":"passed","title":"should reject if target provider not connected","duration":1.407340999999974,"failureMessages":[],"meta":{},"tags":[]},{"ancestorTitles":["useTransfer"],"fullName":"useTransfer should stop transfer","status":"passed","title":"should stop transfer","duration":1.6620120000000043,"failureMessages":[],"meta":{},"tags":[]},{"ancestorTitles":["useTransfer"],"fullName":"useTransfer should handle conflict resolution","status":"passed","title":"should handle conflict resolution","duration":3.125062000000071,"failureMessages":[],"meta":{},"tags":[]},{"ancestorTitles":["useTransfer"],"fullName":"useTransfer should reset state after transfer completes","status":"passed","title":"should reset state after transfer completes","duration":1.5986030000000255,"failureMessages":[],"meta":{},"tags":[]}],"startTime":1775323883195,"endTime":1775323883230.5986,"status":"passed","message":"","name":"/home/user/ownjournal/src/hooks/__tests__/useTransfer.test.tsx"},{"assertionResults":[{"ancestorTitles":["cn utility"],"fullName":"cn utility should merge class names","status":"passed","title":"should merge class names","duration":5.386480000000006,"failureMessages":[],"meta":{},"tags":[]},{"ancestorTitles":["cn utility"],"fullName":"cn utility should handle conditional classes","status":"passed","title":"should handle conditional classes","duration":0.3400720000000774,"failureMessages":[],"meta":{},"tags":[]},{"ancestorTitles":["cn utility"],"fullName":"cn utility should handle undefined and null","status":"passed","title":"should handle undefined and null","duration":0.17490800000007312,"failureMessages":[],"meta":{},"tags":[]},{"ancestorTitles":["cn utility"],"fullName":"cn utility should merge tailwind classes correctly","status":"passed","title":"should merge tailwind classes correctly","duration":0.5529040000000123,"failureMessages":[],"meta":{},"tags":[]},{"ancestorTitles":["cn utility"],"fullName":"cn utility should handle empty input","status":"passed","title":"should handle empty input","duration":0.21821199999999408,"failureMessages":[],"meta":{},"tags":[]},{"ancestorTitles":["cn utility"],"fullName":"cn utility should handle arrays of classes","status":"passed","title":"should handle arrays of classes","duration":0.20290699999998196,"failureMessages":[],"meta":{},"tags":[]},{"ancestorTitles":["cn utility"],"fullName":"cn utility should handle objects with boolean values","status":"passed","title":"should handle objects with boolean values","duration":0.1985419999999749,"failureMessages":[],"meta":{},"tags":[]},{"ancestorTitles":["cn utility"],"fullName":"cn utility should merge complex tailwind utilities","status":"passed","title":"should merge complex tailwind utilities","duration":0.35655099999996764,"failureMessages":[],"meta":{},"tags":[]},{"ancestorTitles":["cn utility"],"fullName":"cn utility should handle nested arrays and objects","status":"passed","title":"should handle nested arrays and objects","duration":0.570891999999958,"failureMessages":[],"meta":{},"tags":[]}],"startTime":1775323887557,"endTime":1775323887565.5708,"status":"passed","message":"","name":"/home/user/ownjournal/src/lib/__tests__/utils.test.ts"},{"assertionResults":[{"ancestorTitles":["Index"],"fullName":"Index should render successfully","status":"passed","title":"should render successfully","duration":30.14204299999983,"failureMessages":[],"meta":{},"tags":[]},{"ancestorTitles":["Index"],"fullName":"Index should render authentication screen for unauthenticated users","status":"passed","title":"should render authentication screen for unauthenticated users","duration":4.679914000000281,"failureMessages":[],"meta":{},"tags":[]},{"ancestorTitles":["Index"],"fullName":"Index should handle loading states","status":"passed","title":"should handle loading states","duration":5.803409999999985,"failureMessages":[],"meta":{},"tags":[]},{"ancestorTitles":["Index"],"fullName":"Index should render main app components","status":"passed","title":"should render main app components","duration":2.980066000000079,"failureMessages":[],"meta":{},"tags":[]},{"ancestorTitles":["Index"],"fullName":"Index should handle authentication state changes","status":"passed","title":"should handle authentication state changes","duration":3.9591969999996763,"failureMessages":[],"meta":{},"tags":[]}],"startTime":1775323883014,"endTime":1775323883061.9592,"status":"passed","message":"","name":"/home/user/ownjournal/src/pages/__tests__/Index.test.tsx"},{"assertionResults":[{"ancestorTitles":["NotFound"],"fullName":"NotFound should render successfully","status":"passed","title":"should render successfully","duration":21.942849000000024,"failureMessages":[],"meta":{},"tags":[]},{"ancestorTitles":["NotFound"],"fullName":"NotFound should render 404 heading","status":"passed","title":"should render 404 heading","duration":4.984991000000036,"failureMessages":[],"meta":{},"tags":[]},{"ancestorTitles":["NotFound"],"fullName":"NotFound should render error message","status":"passed","title":"should render error message","duration":3.4912420000000566,"failureMessages":[],"meta":{},"tags":[]},{"ancestorTitles":["NotFound"],"fullName":"NotFound should render return home link","status":"passed","title":"should render return home link","duration":2.9348280000000386,"failureMessages":[],"meta":{},"tags":[]},{"ancestorTitles":["NotFound"],"fullName":"NotFound should render link with correct href","status":"passed","title":"should render link with correct href","duration":7.446375999999987,"failureMessages":[],"meta":{},"tags":[]},{"ancestorTitles":["NotFound"],"fullName":"NotFound should have centered layout","status":"passed","title":"should have centered layout","duration":4.056126000000063,"failureMessages":[],"meta":{},"tags":[]}],"startTime":1775323882137,"endTime":1775323882182.0562,"status":"passed","message":"","name":"/home/user/ownjournal/src/pages/__tests__/NotFound.test.tsx"},{"assertionResults":[{"ancestorTitles":["AICacheService","Cache Key Generation"],"fullName":"AICacheService Cache Key Generation should generate consistent cache keys","status":"skipped","title":"should generate consistent cache keys","failureMessages":[],"meta":{},"tags":[]},{"ancestorTitles":["AICacheService","getCached"],"fullName":"AICacheService getCached should return cached data if not expired","status":"skipped","title":"should return cached data if not expired","failureMessages":[],"meta":{},"tags":[]},{"ancestorTitles":["AICacheService","getCached"],"fullName":"AICacheService getCached should return null for expired cache","status":"skipped","title":"should return null for expired cache","failureMessages":[],"meta":{},"tags":[]},{"ancestorTitles":["AICacheService","getCached"],"fullName":"AICacheService getCached should return null if cache miss","status":"skipped","title":"should return null if cache miss","failureMessages":[],"meta":{},"tags":[]},{"ancestorTitles":["AICacheService","getCached"],"fullName":"AICacheService getCached should handle errors gracefully","status":"skipped","title":"should handle errors gracefully","failureMessages":[],"meta":{},"tags":[]},{"ancestorTitles":["AICacheService","setCached"],"fullName":"AICacheService setCached should store analysis result","status":"skipped","title":"should store analysis result","failureMessages":[],"meta":{},"tags":[]},{"ancestorTitles":["AICacheService","setCached"],"fullName":"AICacheService setCached should handle storage errors gracefully","status":"skipped","title":"should handle storage errors gracefully","failureMessages":[],"meta":{},"tags":[]},{"ancestorTitles":["AICacheService","clearExpired"],"fullName":"AICacheService clearExpired should clear expired cache entries","status":"skipped","title":"should clear expired cache entries","failureMessages":[],"meta":{},"tags":[]},{"ancestorTitles":["AICacheService","clearAll"],"fullName":"AICacheService clearAll should clear all cache entries","status":"skipped","title":"should clear all cache entries","failureMessages":[],"meta":{},"tags":[]},{"ancestorTitles":["AICacheService","clearAll"],"fullName":"AICacheService clearAll should handle clear errors","status":"skipped","title":"should handle clear errors","failureMessages":[],"meta":{},"tags":[]},{"ancestorTitles":["AICacheService","getCacheStats"],"fullName":"AICacheService getCacheStats should return cache statistics","status":"skipped","title":"should return cache statistics","failureMessages":[],"meta":{},"tags":[]}],"startTime":1775323851736,"endTime":1775323851736,"status":"passed","message":"","name":"/home/user/ownjournal/src/services/__tests__/aiCacheService.test.ts"},{"assertionResults":[{"ancestorTitles":["AIPreloader","Status Management"],"fullName":"AIPreloader Status Management should start with idle status","status":"passed","title":"should start with idle status","duration":2.086274000000003,"failureMessages":[],"meta":{},"tags":[]},{"ancestorTitles":["AIPreloader","Status Management"],"fullName":"AIPreloader Status Management should return current progress","status":"passed","title":"should return current progress","duration":0.3230959999999641,"failureMessages":[],"meta":{},"tags":[]},{"ancestorTitles":["AIPreloader","Status Management"],"fullName":"AIPreloader Status Management should return status message","status":"passed","title":"should return status message","duration":0.3664730000000418,"failureMessages":[],"meta":{},"tags":[]},{"ancestorTitles":["AIPreloader","Status Management"],"fullName":"AIPreloader Status Management should return download metrics","status":"passed","title":"should return download metrics","duration":0.49731999999994514,"failureMessages":[],"meta":{},"tags":[]},{"ancestorTitles":["AIPreloader","Subscribe/Unsubscribe"],"fullName":"AIPreloader Subscribe/Unsubscribe should notify subscriber immediately on subscribe","status":"passed","title":"should notify subscriber immediately on subscribe","duration":2.240124999999921,"failureMessages":[],"meta":{},"tags":[]},{"ancestorTitles":["AIPreloader","Subscribe/Unsubscribe"],"fullName":"AIPreloader Subscribe/Unsubscribe should notify multiple subscribers","status":"passed","title":"should notify multiple subscribers","duration":0.4165940000000319,"failureMessages":[],"meta":{},"tags":[]},{"ancestorTitles":["AIPreloader","Subscribe/Unsubscribe"],"fullName":"AIPreloader Subscribe/Unsubscribe should unsubscribe correctly","status":"passed","title":"should unsubscribe correctly","duration":0.5042150000000447,"failureMessages":[],"meta":{},"tags":[]},{"ancestorTitles":["AIPreloader","startPreload"],"fullName":"AIPreloader startPreload should skip preload if not in local mode","status":"passed","title":"should skip preload if not in local mode","duration":0.358094000000051,"failureMessages":[],"meta":{},"tags":[]},{"ancestorTitles":["AIPreloader","startPreload"],"fullName":"AIPreloader startPreload should skip if models already cached","status":"passed","title":"should skip if models already cached","duration":0.5850409999999329,"failureMessages":[],"meta":{},"tags":[]},{"ancestorTitles":["AIPreloader","startPreload"],"fullName":"AIPreloader startPreload should initialize models when not cached","status":"passed","title":"should initialize models when not cached","duration":0.45463699999993423,"failureMessages":[],"meta":{},"tags":[]},{"ancestorTitles":["AIPreloader","startPreload"],"fullName":"AIPreloader startPreload should handle initialization errors","status":"passed","title":"should handle initialization errors","duration":3.8995439999999917,"failureMessages":[],"meta":{},"tags":[]},{"ancestorTitles":["AIPreloader","startPreload"],"fullName":"AIPreloader startPreload should be idempotent when preloadPromise is already set","status":"passed","title":"should be idempotent when preloadPromise is already set","duration":0.2835730000000467,"failureMessages":[],"meta":{},"tags":[]},{"ancestorTitles":["AIPreloader","startPreload"],"fullName":"AIPreloader startPreload should skip if already ready","status":"passed","title":"should skip if already ready","duration":0.27772700000002715,"failureMessages":[],"meta":{},"tags":[]},{"ancestorTitles":["AIPreloader","Progress Tracking"],"fullName":"AIPreloader Progress Tracking should update progress during initialization","status":"passed","title":"should update progress during initialization","duration":0.9959359999999151,"failureMessages":[],"meta":{},"tags":[]},{"ancestorTitles":["AIPreloader","Progress Tracking"],"fullName":"AIPreloader Progress Tracking should calculate download metrics","status":"passed","title":"should calculate download metrics","duration":0.33997599999997874,"failureMessages":[],"meta":{},"tags":[]},{"ancestorTitles":["AIPreloader","Error Handling"],"fullName":"AIPreloader Error Handling should set error status on failure","status":"passed","title":"should set error status on failure","duration":0.8983240000000023,"failureMessages":[],"meta":{},"tags":[]},{"ancestorTitles":["AIPreloader","Error Handling"],"fullName":"AIPreloader Error Handling should allow retry after error when state is reset","status":"passed","title":"should allow retry after error when state is reset","duration":0.9314440000000559,"failureMessages":[],"meta":{},"tags":[]}],"startTime":1775323884835,"endTime":1775323884850.9314,"status":"passed","message":"","name":"/home/user/ownjournal/src/services/__tests__/aiPreloader.test.ts"},{"assertionResults":[{"ancestorTitles":["AuthService - Platform Integration","Web Platform Flow"],"fullName":"AuthService - Platform Integration Web Platform Flow should initiate OAuth flow on web platform","status":"skipped","title":"should initiate OAuth flow on web platform","failureMessages":[],"meta":{},"tags":[]},{"ancestorTitles":["AuthService - Platform Integration","Web Platform Flow"],"fullName":"AuthService - Platform Integration Web Platform Flow should handle OAuth callback on web platform","status":"skipped","title":"should handle OAuth callback on web platform","failureMessages":[],"meta":{},"tags":[]},{"ancestorTitles":["AuthService - Platform Integration","Web Platform Flow"],"fullName":"AuthService - Platform Integration Web Platform Flow should handle OAuth errors on web platform","status":"skipped","title":"should handle OAuth errors on web platform","failureMessages":[],"meta":{},"tags":[]},{"ancestorTitles":["AuthService - Platform Integration","Web Platform Flow"],"fullName":"AuthService - Platform Integration Web Platform Flow should enforce rate limiting","status":"skipped","title":"should enforce rate limiting","failureMessages":[],"meta":{},"tags":[]},{"ancestorTitles":["AuthService - Platform Integration","Capacitor Platform Flow"],"fullName":"AuthService - Platform Integration Capacitor Platform Flow should initiate OAuth flow on Capacitor platform","status":"skipped","title":"should initiate OAuth flow on Capacitor platform","failureMessages":[],"meta":{},"tags":[]},{"ancestorTitles":["AuthService - Platform Integration","Capacitor Platform Flow"],"fullName":"AuthService - Platform Integration Capacitor Platform Flow should handle user cancellation on Capacitor","status":"skipped","title":"should handle user cancellation on Capacitor","failureMessages":[],"meta":{},"tags":[]},{"ancestorTitles":["AuthService - Platform Integration","Electron Platform Flow"],"fullName":"AuthService - Platform Integration Electron Platform Flow should initiate OAuth flow on Electron platform","status":"skipped","title":"should initiate OAuth flow on Electron platform","failureMessages":[],"meta":{},"tags":[]},{"ancestorTitles":["AuthService - Platform Integration","Electron Platform Flow"],"fullName":"AuthService - Platform Integration Electron Platform Flow should handle Electron IPC errors","status":"skipped","title":"should handle Electron IPC errors","failureMessages":[],"meta":{},"tags":[]},{"ancestorTitles":["AuthService - Platform Integration","Cross-Platform Token Exchange"],"fullName":"AuthService - Platform Integration Cross-Platform Token Exchange should successfully exchange authorization code for tokens","status":"skipped","title":"should successfully exchange authorization code for tokens","failureMessages":[],"meta":{},"tags":[]},{"ancestorTitles":["AuthService - Platform Integration","Cross-Platform Token Exchange"],"fullName":"AuthService - Platform Integration Cross-Platform Token Exchange should handle token exchange errors","status":"skipped","title":"should handle token exchange errors","failureMessages":[],"meta":{},"tags":[]},{"ancestorTitles":["AuthService - Platform Integration","Cross-Platform Token Exchange"],"fullName":"AuthService - Platform Integration Cross-Platform Token Exchange should handle network errors during token exchange","status":"skipped","title":"should handle network errors during token exchange","failureMessages":[],"meta":{},"tags":[]},{"ancestorTitles":["AuthService - Platform Integration","PKCE Flow"],"fullName":"AuthService - Platform Integration PKCE Flow should use PKCE parameters in authorization URL","status":"skipped","title":"should use PKCE parameters in authorization URL","failureMessages":[],"meta":{},"tags":[]},{"ancestorTitles":["AuthService - Platform Integration","PKCE Flow"],"fullName":"AuthService - Platform Integration PKCE Flow should validate state parameter in callback","status":"skipped","title":"should validate state parameter in callback","failureMessages":[],"meta":{},"tags":[]}],"startTime":1775323851736,"endTime":1775323851736,"status":"passed","message":"","name":"/home/user/ownjournal/src/services/__tests__/authService.integration.test.ts"},{"assertionResults":[{"ancestorTitles":["CloudStorageService - Integration","Provider Discovery"],"fullName":"CloudStorageService - Integration Provider Discovery should discover all connected providers","status":"passed","title":"should discover all connected providers","duration":4.05634299999997,"failureMessages":[],"meta":{},"tags":[]},{"ancestorTitles":["CloudStorageService - Integration","Provider Discovery"],"fullName":"CloudStorageService - Integration Provider Discovery should filter out disconnected providers","status":"passed","title":"should filter out disconnected providers","duration":0.5976650000000063,"failureMessages":[],"meta":{},"tags":[]},{"ancestorTitles":["CloudStorageService - Integration","Provider Discovery"],"fullName":"CloudStorageService - Integration Provider Discovery should handle no connected providers","status":"passed","title":"should handle no connected providers","duration":0.6181080000000065,"failureMessages":[],"meta":{},"tags":[]},{"ancestorTitles":["CloudStorageService - Integration","Provider Discovery"],"fullName":"CloudStorageService - Integration Provider Discovery should return cached provider names","status":"passed","title":"should return cached provider names","duration":0.602506999999946,"failureMessages":[],"meta":{},"tags":[]},{"ancestorTitles":["CloudStorageService - Integration","Upload Operations"],"fullName":"CloudStorageService - Integration Upload Operations should upload to primary provider","status":"passed","title":"should upload to primary provider","duration":2.267042999999944,"failureMessages":[],"meta":{},"tags":[]},{"ancestorTitles":["CloudStorageService - Integration","Upload Operations"],"fullName":"CloudStorageService - Integration Upload Operations should normalize paths before uploading","status":"passed","title":"should normalize paths before uploading","duration":0.8997130000000197,"failureMessages":[],"meta":{},"tags":[]},{"ancestorTitles":["CloudStorageService - Integration","Upload Operations"],"fullName":"CloudStorageService - Integration Upload Operations should handle upload failures","status":"passed","title":"should handle upload failures","duration":5.3263580000000275,"failureMessages":[],"meta":{},"tags":[]},{"ancestorTitles":["CloudStorageService - Integration","Upload Operations"],"fullName":"CloudStorageService - Integration Upload Operations should throw error if no providers are connected","status":"passed","title":"should throw error if no providers are connected","duration":0.7586300000000392,"failureMessages":[],"meta":{},"tags":[]},{"ancestorTitles":["CloudStorageService - Integration","Upload Operations"],"fullName":"CloudStorageService - Integration Upload Operations should queue upload when rate limit is active","status":"passed","title":"should queue upload when rate limit is active","duration":1.7206299999999146,"failureMessages":[],"meta":{},"tags":[]},{"ancestorTitles":["CloudStorageService - Integration","Download Operations"],"fullName":"CloudStorageService - Integration Download Operations should download from primary provider","status":"passed","title":"should download from primary provider","duration":0.7210640000000694,"failureMessages":[],"meta":{},"tags":[]},{"ancestorTitles":["CloudStorageService - Integration","Download Operations"],"fullName":"CloudStorageService - Integration Download Operations should normalize paths before downloading","status":"passed","title":"should normalize paths before downloading","duration":0.4371849999999995,"failureMessages":[],"meta":{},"tags":[]},{"ancestorTitles":["CloudStorageService - Integration","Download Operations"],"fullName":"CloudStorageService - Integration Download Operations should handle download failures","status":"passed","title":"should handle download failures","duration":0.5186320000000251,"failureMessages":[],"meta":{},"tags":[]},{"ancestorTitles":["CloudStorageService - Integration","Download Operations"],"fullName":"CloudStorageService - Integration Download Operations should return null when no providers are connected","status":"passed","title":"should return null when no providers are connected","duration":0.33982300000002397,"failureMessages":[],"meta":{},"tags":[]},{"ancestorTitles":["CloudStorageService - Integration","List Operations"],"fullName":"CloudStorageService - Integration List Operations should list files from primary provider","status":"passed","title":"should list files from primary provider","duration":0.9301950000000261,"failureMessages":[],"meta":{},"tags":[]},{"ancestorTitles":["CloudStorageService - Integration","List Operations"],"fullName":"CloudStorageService - Integration List Operations should normalize paths before listing","status":"passed","title":"should normalize paths before listing","duration":0.8329899999999952,"failureMessages":[],"meta":{},"tags":[]},{"ancestorTitles":["CloudStorageService - Integration","List Operations"],"fullName":"CloudStorageService - Integration List Operations should return empty array when no provider connected","status":"passed","title":"should return empty array when no provider connected","duration":200.95732499999997,"failureMessages":[],"meta":{},"tags":[]},{"ancestorTitles":["CloudStorageService - Integration","Delete Operations"],"fullName":"CloudStorageService - Integration Delete Operations should delete from primary provider","status":"passed","title":"should delete from primary provider","duration":0.7250310000001718,"failureMessages":[],"meta":{},"tags":[]},{"ancestorTitles":["CloudStorageService - Integration","Delete Operations"],"fullName":"CloudStorageService - Integration Delete Operations should normalize paths before deleting","status":"passed","title":"should normalize paths before deleting","duration":0.48909600000001774,"failureMessages":[],"meta":{},"tags":[]},{"ancestorTitles":["CloudStorageService - Integration","Delete Operations"],"fullName":"CloudStorageService - Integration Delete Operations should handle delete failures gracefully","status":"passed","title":"should handle delete failures gracefully","duration":1.2049890000000687,"failureMessages":[],"meta":{},"tags":[]},{"ancestorTitles":["CloudStorageService - Integration","Existence Check"],"fullName":"CloudStorageService - Integration Existence Check should check if file exists on primary provider","status":"passed","title":"should check if file exists on primary provider","duration":0.49749900000006164,"failureMessages":[],"meta":{},"tags":[]},{"ancestorTitles":["CloudStorageService - Integration","Existence Check"],"fullName":"CloudStorageService - Integration Existence Check should return false if file does not exist","status":"passed","title":"should return false if file does not exist","duration":0.36167599999998856,"failureMessages":[],"meta":{},"tags":[]},{"ancestorTitles":["CloudStorageService - Integration","Existence Check"],"fullName":"CloudStorageService - Integration Existence Check should return false when no provider connected","status":"passed","title":"should return false when no provider connected","duration":0.340069000000085,"failureMessages":[],"meta":{},"tags":[]},{"ancestorTitles":["CloudStorageService - Integration","Path Normalization"],"fullName":"CloudStorageService - Integration Path Normalization should handle various path formats","status":"passed","title":"should handle various path formats","duration":1.5964069999999992,"failureMessages":[],"meta":{},"tags":[]},{"ancestorTitles":["CloudStorageService - Integration","Queue Status"],"fullName":"CloudStorageService - Integration Queue Status should return queue size","status":"passed","title":"should return queue size","duration":0.4279469999999037,"failureMessages":[],"meta":{},"tags":[]},{"ancestorTitles":["CloudStorageService - Integration","Queue Status"],"fullName":"CloudStorageService - Integration Queue Status should return pending files","status":"passed","title":"should return pending files","duration":0.34453599999983453,"failureMessages":[],"meta":{},"tags":[]}],"startTime":1775323869289,"endTime":1775323869518.3445,"status":"passed","message":"","name":"/home/user/ownjournal/src/services/__tests__/cloudStorageService.integration.test.ts"},{"assertionResults":[{"ancestorTitles":["Conflict Resolution Integration Tests","Version Vector Conflict Detection"],"fullName":"Conflict Resolution Integration Tests Version Vector Conflict Detection should detect concurrent edits from two devices","status":"passed","title":"should detect concurrent edits from two devices","duration":1.6302440000000615,"failureMessages":[],"meta":{},"tags":[]},{"ancestorTitles":["Conflict Resolution Integration Tests","Version Vector Conflict Detection"],"fullName":"Conflict Resolution Integration Tests Version Vector Conflict Detection should not detect conflict when remote is ahead","status":"passed","title":"should not detect conflict when remote is ahead","duration":0.23160500000005868,"failureMessages":[],"meta":{},"tags":[]},{"ancestorTitles":["Conflict Resolution Integration Tests","Version Vector Conflict Detection"],"fullName":"Conflict Resolution Integration Tests Version Vector Conflict Detection should not detect conflict when local is ahead","status":"passed","title":"should not detect conflict when local is ahead","duration":0.2589420000000473,"failureMessages":[],"meta":{},"tags":[]},{"ancestorTitles":["Conflict Resolution Integration Tests","Version Vector Conflict Detection"],"fullName":"Conflict Resolution Integration Tests Version Vector Conflict Detection should not detect conflict on first sync","status":"passed","title":"should not detect conflict on first sync","duration":0.1947420000000193,"failureMessages":[],"meta":{},"tags":[]},{"ancestorTitles":["Conflict Resolution Integration Tests","Version Vector Conflict Detection"],"fullName":"Conflict Resolution Integration Tests Version Vector Conflict Detection should detect three-way conflict","status":"passed","title":"should detect three-way conflict","duration":0.18212199999993572,"failureMessages":[],"meta":{},"tags":[]},{"ancestorTitles":["Conflict Resolution Integration Tests","Version Vector Merging"],"fullName":"Conflict Resolution Integration Tests Version Vector Merging should merge version vectors from two devices","status":"passed","title":"should merge version vectors from two devices","duration":0.6714879999999539,"failureMessages":[],"meta":{},"tags":[]},{"ancestorTitles":["Conflict Resolution Integration Tests","Version Vector Merging"],"fullName":"Conflict Resolution Integration Tests Version Vector Merging should preserve all device entries when merging","status":"passed","title":"should preserve all device entries when merging","duration":1.0154979999999796,"failureMessages":[],"meta":{},"tags":[]},{"ancestorTitles":["Conflict Resolution Integration Tests","Version Vector Merging"],"fullName":"Conflict Resolution Integration Tests Version Vector Merging should handle empty version vectors","status":"passed","title":"should handle empty version vectors","duration":0.21802400000001398,"failureMessages":[],"meta":{},"tags":[]},{"ancestorTitles":["Conflict Resolution Integration Tests","Last-Write-Wins (LWW) Resolution"],"fullName":"Conflict Resolution Integration Tests Last-Write-Wins (LWW) Resolution should choose newer timestamp","status":"passed","title":"should choose newer timestamp","duration":0.4598080000000664,"failureMessages":[],"meta":{},"tags":[]},{"ancestorTitles":["Conflict Resolution Integration Tests","Last-Write-Wins (LWW) Resolution"],"fullName":"Conflict Resolution Integration Tests Last-Write-Wins (LWW) Resolution should use device ID as tiebreaker","status":"passed","title":"should use device ID as tiebreaker","duration":0.26223400000003494,"failureMessages":[],"meta":{},"tags":[]},{"ancestorTitles":["Conflict Resolution Integration Tests","Last-Write-Wins (LWW) Resolution"],"fullName":"Conflict Resolution Integration Tests Last-Write-Wins (LWW) Resolution should handle millisecond precision timestamps","status":"passed","title":"should handle millisecond precision timestamps","duration":0.2063590000000204,"failureMessages":[],"meta":{},"tags":[]},{"ancestorTitles":["Conflict Resolution Integration Tests","Last-Write-Wins (LWW) Resolution"],"fullName":"Conflict Resolution Integration Tests Last-Write-Wins (LWW) Resolution should be deterministic with same inputs","status":"passed","title":"should be deterministic with same inputs","duration":0.15287900000009813,"failureMessages":[],"meta":{},"tags":[]},{"ancestorTitles":["Conflict Resolution Integration Tests","Conflict Scenarios"],"fullName":"Conflict Resolution Integration Tests Conflict Scenarios should handle rapid successive edits","status":"passed","title":"should handle rapid successive edits","duration":0.14174900000000434,"failureMessages":[],"meta":{},"tags":[]},{"ancestorTitles":["Conflict Resolution Integration Tests","Conflict Scenarios"],"fullName":"Conflict Resolution Integration Tests Conflict Scenarios should handle offline editing and sync","status":"passed","title":"should handle offline editing and sync","duration":0.22581800000000385,"failureMessages":[],"meta":{},"tags":[]},{"ancestorTitles":["Conflict Resolution Integration Tests","Conflict Scenarios"],"fullName":"Conflict Resolution Integration Tests Conflict Scenarios should handle deleted entry conflict","status":"passed","title":"should handle deleted entry conflict","duration":0.09329099999990831,"failureMessages":[],"meta":{},"tags":[]},{"ancestorTitles":["Conflict Resolution Integration Tests","Conflict Scenarios"],"fullName":"Conflict Resolution Integration Tests Conflict Scenarios should handle same edit on multiple devices","status":"passed","title":"should handle same edit on multiple devices","duration":0.15932199999997465,"failureMessages":[],"meta":{},"tags":[]},{"ancestorTitles":["Conflict Resolution Integration Tests","Conflict Scenarios"],"fullName":"Conflict Resolution Integration Tests Conflict Scenarios should handle cascading conflicts","status":"passed","title":"should handle cascading conflicts","duration":0.1369799999999941,"failureMessages":[],"meta":{},"tags":[]},{"ancestorTitles":["Conflict Resolution Integration Tests","Performance and Scale"],"fullName":"Conflict Resolution Integration Tests Performance and Scale should handle large version vectors efficiently","status":"passed","title":"should handle large version vectors efficiently","duration":0.3823730000000296,"failureMessages":[],"meta":{},"tags":[]},{"ancestorTitles":["Conflict Resolution Integration Tests","Performance and Scale"],"fullName":"Conflict Resolution Integration Tests Performance and Scale should merge large vectors efficiently","status":"passed","title":"should merge large vectors efficiently","duration":6.947287999999958,"failureMessages":[],"meta":{},"tags":[]}],"startTime":1775323886528,"endTime":1775323886542.9473,"status":"passed","message":"","name":"/home/user/ownjournal/src/services/__tests__/conflictResolution.integration.test.ts"},{"assertionResults":[{"ancestorTitles":["ConnectionMonitor - Integration","Singleton Pattern"],"fullName":"ConnectionMonitor - Integration Singleton Pattern should return the same instance","status":"passed","title":"should return the same instance","duration":1.9534889999999905,"failureMessages":[],"meta":{},"tags":[]},{"ancestorTitles":["ConnectionMonitor - Integration","Singleton Pattern"],"fullName":"ConnectionMonitor - Integration Singleton Pattern should use the exported singleton instance","status":"passed","title":"should use the exported singleton instance","duration":0.2731909999999971,"failureMessages":[],"meta":{},"tags":[]},{"ancestorTitles":["ConnectionMonitor - Integration","Success Tracking"],"fullName":"ConnectionMonitor - Integration Success Tracking should record successful operations","status":"passed","title":"should record successful operations","duration":0.5078980000000684,"failureMessages":[],"meta":{},"tags":[]},{"ancestorTitles":["ConnectionMonitor - Integration","Success Tracking"],"fullName":"ConnectionMonitor - Integration Success Tracking should reset failure count on success","status":"passed","title":"should reset failure count on success","duration":0.4089159999999765,"failureMessages":[],"meta":{},"tags":[]},{"ancestorTitles":["ConnectionMonitor - Integration","Success Tracking"],"fullName":"ConnectionMonitor - Integration Success Tracking should update last success timestamp","status":"passed","title":"should update last success timestamp","duration":0.46528200000000197,"failureMessages":[],"meta":{},"tags":[]},{"ancestorTitles":["ConnectionMonitor - Integration","Failure Tracking"],"fullName":"ConnectionMonitor - Integration Failure Tracking should record failed operations","status":"passed","title":"should record failed operations","duration":0.17990999999994983,"failureMessages":[],"meta":{},"tags":[]},{"ancestorTitles":["ConnectionMonitor - Integration","Failure Tracking"],"fullName":"ConnectionMonitor - Integration Failure Tracking should increment consecutive failure count","status":"passed","title":"should increment consecutive failure count","duration":1.0025289999999814,"failureMessages":[],"meta":{},"tags":[]},{"ancestorTitles":["ConnectionMonitor - Integration","Failure Tracking"],"fullName":"ConnectionMonitor - Integration Failure Tracking should mark as unhealthy after threshold failures","status":"passed","title":"should mark as unhealthy after threshold failures","duration":0.3958789999999226,"failureMessages":[],"meta":{},"tags":[]},{"ancestorTitles":["ConnectionMonitor - Integration","Failure Tracking"],"fullName":"ConnectionMonitor - Integration Failure Tracking should warn in development mode after threshold failures","status":"passed","title":"should warn in development mode after threshold failures","duration":2.572496000000001,"failureMessages":[],"meta":{},"tags":[]},{"ancestorTitles":["ConnectionMonitor - Integration","Health Status"],"fullName":"ConnectionMonitor - Integration Health Status should return healthy status for new providers","status":"passed","title":"should return healthy status for new providers","duration":0.3266529999999648,"failureMessages":[],"meta":{},"tags":[]},{"ancestorTitles":["ConnectionMonitor - Integration","Health Status"],"fullName":"ConnectionMonitor - Integration Health Status should track health across multiple providers independently","status":"passed","title":"should track health across multiple providers independently","duration":0.4057940000000144,"failureMessages":[],"meta":{},"tags":[]},{"ancestorTitles":["ConnectionMonitor - Integration","Health Status"],"fullName":"ConnectionMonitor - Integration Health Status should return all provider health statuses","status":"passed","title":"should return all provider health statuses","duration":0.5875740000000178,"failureMessages":[],"meta":{},"tags":[]},{"ancestorTitles":["ConnectionMonitor - Integration","Reset Functionality"],"fullName":"ConnectionMonitor - Integration Reset Functionality should reset provider health","status":"passed","title":"should reset provider health","duration":0.1887890000000425,"failureMessages":[],"meta":{},"tags":[]},{"ancestorTitles":["ConnectionMonitor - Integration","Reset Functionality"],"fullName":"ConnectionMonitor - Integration Reset Functionality should allow fresh tracking after reset","status":"passed","title":"should allow fresh tracking after reset","duration":0.1896239999999807,"failureMessages":[],"meta":{},"tags":[]},{"ancestorTitles":["ConnectionMonitor - Integration","Real-World Scenarios"],"fullName":"ConnectionMonitor - Integration Real-World Scenarios should handle intermittent failures gracefully","status":"passed","title":"should handle intermittent failures gracefully","duration":0.23150600000008126,"failureMessages":[],"meta":{},"tags":[]},{"ancestorTitles":["ConnectionMonitor - Integration","Real-World Scenarios"],"fullName":"ConnectionMonitor - Integration Real-World Scenarios should detect prolonged outages","status":"passed","title":"should detect prolonged outages","duration":0.7880209999999579,"failureMessages":[],"meta":{},"tags":[]},{"ancestorTitles":["ConnectionMonitor - Integration","Real-World Scenarios"],"fullName":"ConnectionMonitor - Integration Real-World Scenarios should recover from outages","status":"passed","title":"should recover from outages","duration":0.3836139999999659,"failureMessages":[],"meta":{},"tags":[]},{"ancestorTitles":["ConnectionMonitor - Integration","Real-World Scenarios"],"fullName":"ConnectionMonitor - Integration Real-World Scenarios should track different provider health simultaneously","status":"passed","title":"should track different provider health simultaneously","duration":0.2966639999999643,"failureMessages":[],"meta":{},"tags":[]},{"ancestorTitles":["ConnectionMonitor - Integration","Performance"],"fullName":"ConnectionMonitor - Integration Performance should handle rapid successive calls efficiently","status":"passed","title":"should handle rapid successive calls efficiently","duration":0.29241000000001804,"failureMessages":[],"meta":{},"tags":[]},{"ancestorTitles":["ConnectionMonitor - Integration","Performance"],"fullName":"ConnectionMonitor - Integration Performance should handle many providers without performance degradation","status":"passed","title":"should handle many providers without performance degradation","duration":0.2509219999999459,"failureMessages":[],"meta":{},"tags":[]},{"ancestorTitles":["ConnectionMonitor - Integration","Edge Cases"],"fullName":"ConnectionMonitor - Integration Edge Cases should handle undefined provider names","status":"passed","title":"should handle undefined provider names","duration":0.1335749999999507,"failureMessages":[],"meta":{},"tags":[]},{"ancestorTitles":["ConnectionMonitor - Integration","Edge Cases"],"fullName":"ConnectionMonitor - Integration Edge Cases should handle rapid success/failure toggles","status":"passed","title":"should handle rapid success/failure toggles","duration":0.11884199999997236,"failureMessages":[],"meta":{},"tags":[]},{"ancestorTitles":["ConnectionMonitor - Integration","Edge Cases"],"fullName":"ConnectionMonitor - Integration Edge Cases should maintain separate state for similar provider names","status":"passed","title":"should maintain separate state for similar provider names","duration":0.10356799999999566,"failureMessages":[],"meta":{},"tags":[]},{"ancestorTitles":["ConnectionMonitor - Integration","Integration with Cloud Operations"],"fullName":"ConnectionMonitor - Integration Integration with Cloud Operations should track health during upload operations","status":"passed","title":"should track health during upload operations","duration":0.37618799999995645,"failureMessages":[],"meta":{},"tags":[]}],"startTime":1775323885688,"endTime":1775323885701.3762,"status":"passed","message":"","name":"/home/user/ownjournal/src/services/__tests__/connectionMonitor.integration.test.ts"},{"assertionResults":[{"ancestorTitles":["DropboxService","connect"],"fullName":"DropboxService connect should connect with valid credentials","status":"passed","title":"should connect with valid credentials","duration":2.640228999999863,"failureMessages":[],"meta":{},"tags":[]},{"ancestorTitles":["DropboxService","disconnect"],"fullName":"DropboxService disconnect should disconnect and clear credentials","status":"passed","title":"should disconnect and clear credentials","duration":0.7515330000001086,"failureMessages":[],"meta":{},"tags":[]},{"ancestorTitles":["DropboxService","token refresh"],"fullName":"DropboxService token refresh should refresh token when expired","status":"passed","title":"should refresh token when expired","duration":5.054154000000153,"failureMessages":[],"meta":{},"tags":[]},{"ancestorTitles":["DropboxService","token refresh"],"fullName":"DropboxService token refresh should handle refresh token failure","status":"passed","title":"should handle refresh token failure","duration":2.525613000000021,"failureMessages":[],"meta":{},"tags":[]},{"ancestorTitles":["DropboxService","token refresh"],"fullName":"DropboxService token refresh should handle concurrent refresh requests","status":"passed","title":"should handle concurrent refresh requests","duration":50.420273999999836,"failureMessages":[],"meta":{},"tags":[]},{"ancestorTitles":["DropboxService","upload"],"fullName":"DropboxService upload should upload file successfully","status":"passed","title":"should upload file successfully","duration":151.89690500000006,"failureMessages":[],"meta":{},"tags":[]},{"ancestorTitles":["DropboxService","upload"],"fullName":"DropboxService upload should handle upload errors","status":"passed","title":"should handle upload errors","duration":152.12082899999996,"failureMessages":[],"meta":{},"tags":[]},{"ancestorTitles":["DropboxService","download"],"fullName":"DropboxService download should download file successfully","status":"passed","title":"should download file successfully","duration":1.1232339999999112,"failureMessages":[],"meta":{},"tags":[]},{"ancestorTitles":["DropboxService","download"],"fullName":"DropboxService download should return null for non-existent file","status":"passed","title":"should return null for non-existent file","duration":2.5151129999999284,"failureMessages":[],"meta":{},"tags":[]},{"ancestorTitles":["DropboxService","401 handling"],"fullName":"DropboxService 401 handling should refresh token on 401 and retry","status":"passed","title":"should refresh token on 401 and retry","duration":0.7625069999999141,"failureMessages":[],"meta":{},"tags":[]},{"ancestorTitles":["DropboxService","listFiles"],"fullName":"DropboxService listFiles should list files successfully","status":"passed","title":"should list files successfully","duration":2.155195000000049,"failureMessages":[],"meta":{},"tags":[]},{"ancestorTitles":["DropboxService","listFiles"],"fullName":"DropboxService listFiles should return empty array for non-existent folder","status":"passed","title":"should return empty array for non-existent folder","duration":5.148676999999907,"failureMessages":[],"meta":{},"tags":[]},{"ancestorTitles":["DropboxService","delete"],"fullName":"DropboxService delete should delete file successfully","status":"passed","title":"should delete file successfully","duration":0.8225599999998394,"failureMessages":[],"meta":{},"tags":[]},{"ancestorTitles":["DropboxService","delete"],"fullName":"DropboxService delete should handle delete of non-existent file","status":"passed","title":"should handle delete of non-existent file","duration":0.5737460000000283,"failureMessages":[],"meta":{},"tags":[]},{"ancestorTitles":["DropboxService","exists"],"fullName":"DropboxService exists should return true for existing file","status":"passed","title":"should return true for existing file","duration":0.3986160000001746,"failureMessages":[],"meta":{},"tags":[]},{"ancestorTitles":["DropboxService","exists"],"fullName":"DropboxService exists should return false for non-existent file","status":"passed","title":"should return false for non-existent file","duration":0.4566859999999906,"failureMessages":[],"meta":{},"tags":[]},{"ancestorTitles":["DropboxService","exists"],"fullName":"DropboxService exists should return false on error","status":"passed","title":"should return false on error","duration":0.550132000000076,"failureMessages":[],"meta":{},"tags":[]}],"startTime":1775323866383,"endTime":1775323866764.55,"status":"passed","message":"","name":"/home/user/ownjournal/src/services/__tests__/dropboxService.test.ts"},{"assertionResults":[{"ancestorTitles":["GoogleDriveService","connect"],"fullName":"GoogleDriveService connect should connect with valid credentials","status":"passed","title":"should connect with valid credentials","duration":2.188756000000012,"failureMessages":[],"meta":{},"tags":[]},{"ancestorTitles":["GoogleDriveService","disconnect"],"fullName":"GoogleDriveService disconnect should disconnect and clear credentials","status":"passed","title":"should disconnect and clear credentials","duration":0.6016029999999546,"failureMessages":[],"meta":{},"tags":[]},{"ancestorTitles":["GoogleDriveService","token refresh"],"fullName":"GoogleDriveService token refresh should refresh token when expired","status":"passed","title":"should refresh token when expired","duration":5.339527999999973,"failureMessages":[],"meta":{},"tags":[]},{"ancestorTitles":["GoogleDriveService","token refresh"],"fullName":"GoogleDriveService token refresh should handle refresh token failure","status":"passed","title":"should handle refresh token failure","duration":2.0727909999999383,"failureMessages":[],"meta":{},"tags":[]},{"ancestorTitles":["GoogleDriveService","token refresh"],"fullName":"GoogleDriveService token refresh should not refresh if token is still valid","status":"passed","title":"should not refresh if token is still valid","duration":1.2608180000000857,"failureMessages":[],"meta":{},"tags":[]},{"ancestorTitles":["GoogleDriveService","token refresh"],"fullName":"GoogleDriveService token refresh should handle concurrent refresh requests","status":"passed","title":"should handle concurrent refresh requests","duration":51.354228000000035,"failureMessages":[],"meta":{},"tags":[]},{"ancestorTitles":["GoogleDriveService","upload"],"fullName":"GoogleDriveService upload should upload file successfully","status":"passed","title":"should upload file successfully","duration":109.543813,"failureMessages":[],"meta":{},"tags":[]},{"ancestorTitles":["GoogleDriveService","upload"],"fullName":"GoogleDriveService upload should handle upload errors","status":"passed","title":"should handle upload errors","duration":101.736897,"failureMessages":[],"meta":{},"tags":[]},{"ancestorTitles":["GoogleDriveService","download"],"fullName":"GoogleDriveService download should download file successfully","status":"passed","title":"should download file successfully","duration":4.288887999999815,"failureMessages":[],"meta":{},"tags":[]},{"ancestorTitles":["GoogleDriveService","download"],"fullName":"GoogleDriveService download should return null for non-existent file","status":"passed","title":"should return null for non-existent file","duration":0.6318060000000969,"failureMessages":[],"meta":{},"tags":[]},{"ancestorTitles":["GoogleDriveService","download"],"fullName":"GoogleDriveService download should handle 404 errors","status":"passed","title":"should handle 404 errors","duration":0.6568099999999504,"failureMessages":[],"meta":{},"tags":[]},{"ancestorTitles":["GoogleDriveService","401 handling"],"fullName":"GoogleDriveService 401 handling should refresh token on 401 and retry","status":"passed","title":"should refresh token on 401 and retry","duration":0.6590620000001763,"failureMessages":[],"meta":{},"tags":[]},{"ancestorTitles":["GoogleDriveService","listFiles"],"fullName":"GoogleDriveService listFiles should list files successfully","status":"passed","title":"should list files successfully","duration":1.025186000000076,"failureMessages":[],"meta":{},"tags":[]},{"ancestorTitles":["GoogleDriveService","delete"],"fullName":"GoogleDriveService delete should delete file successfully","status":"passed","title":"should delete file successfully","duration":102.92039,"failureMessages":[],"meta":{},"tags":[]},{"ancestorTitles":["GoogleDriveService","delete"],"fullName":"GoogleDriveService delete should handle delete of non-existent file","status":"passed","title":"should handle delete of non-existent file","duration":100.87708399999997,"failureMessages":[],"meta":{},"tags":[]},{"ancestorTitles":["GoogleDriveService","exists"],"fullName":"GoogleDriveService exists should return true for existing file","status":"passed","title":"should return true for existing file","duration":0.6478250000000116,"failureMessages":[],"meta":{},"tags":[]},{"ancestorTitles":["GoogleDriveService","exists"],"fullName":"GoogleDriveService exists should return false for non-existent file","status":"passed","title":"should return false for non-existent file","duration":0.3038440000000264,"failureMessages":[],"meta":{},"tags":[]},{"ancestorTitles":["GoogleDriveService","exists"],"fullName":"GoogleDriveService exists should return false on error","status":"passed","title":"should return false on error","duration":0.385387000000037,"failureMessages":[],"meta":{},"tags":[]}],"startTime":1775323864515,"endTime":1775323865002.3855,"status":"passed","message":"","name":"/home/user/ownjournal/src/services/__tests__/googleDriveService.test.ts"},{"assertionResults":[{"ancestorTitles":["LocalAI","WebGPU Detection"],"fullName":"LocalAI WebGPU Detection should detect WebGPU availability","status":"skipped","title":"should detect WebGPU availability","failureMessages":[],"meta":{},"tags":[]},{"ancestorTitles":["LocalAI","WebGPU Detection"],"fullName":"LocalAI WebGPU Detection should handle missing WebGPU","status":"skipped","title":"should handle missing WebGPU","failureMessages":[],"meta":{},"tags":[]},{"ancestorTitles":["LocalAI","Model Caching"],"fullName":"LocalAI Model Caching should check if models are cached","status":"passed","title":"should check if models are cached","duration":3.257027999999991,"failureMessages":[],"meta":{},"tags":[]},{"ancestorTitles":["LocalAI","Model Caching"],"fullName":"LocalAI Model Caching should return false if caches not available","status":"passed","title":"should return false if caches not available","duration":5.087806999999998,"failureMessages":[],"meta":{},"tags":[]},{"ancestorTitles":["LocalAI","Model Caching"],"fullName":"LocalAI Model Caching should handle cache check errors","status":"passed","title":"should handle cache check errors","duration":1.1211050000000569,"failureMessages":[],"meta":{},"tags":[]},{"ancestorTitles":["LocalAI","Clear Model Cache"],"fullName":"LocalAI Clear Model Cache should clear all caches","status":"passed","title":"should clear all caches","duration":1.0066440000000512,"failureMessages":[],"meta":{},"tags":[]},{"ancestorTitles":["LocalAI","Clear Model Cache"],"fullName":"LocalAI Clear Model Cache should handle clear errors gracefully","status":"skipped","title":"should handle clear errors gracefully","failureMessages":[],"meta":{},"tags":[]},{"ancestorTitles":["LocalAI","Initialization"],"fullName":"LocalAI Initialization should track initialization status","status":"passed","title":"should track initialization status","duration":0.34431999999992513,"failureMessages":[],"meta":{},"tags":[]},{"ancestorTitles":["LocalAI","Initialization"],"fullName":"LocalAI Initialization should not reinitialize if already initialized","status":"skipped","title":"should not reinitialize if already initialized","failureMessages":[],"meta":{},"tags":[]},{"ancestorTitles":["LocalAI","Initialization"],"fullName":"LocalAI Initialization should report progress during initialization","status":"skipped","title":"should report progress during initialization","failureMessages":[],"meta":{},"tags":[]},{"ancestorTitles":["LocalAI","Initialization"],"fullName":"LocalAI Initialization should handle initialization errors","status":"passed","title":"should handle initialization errors","duration":3.308281999999963,"failureMessages":[],"meta":{},"tags":[]},{"ancestorTitles":["LocalAI","Initialization"],"fullName":"LocalAI Initialization should allow retry after failed initialization","status":"skipped","title":"should allow retry after failed initialization","failureMessages":[],"meta":{},"tags":[]},{"ancestorTitles":["LocalAI","Analysis Operations"],"fullName":"LocalAI Analysis Operations should analyze journal entry","status":"passed","title":"should analyze journal entry","duration":0.8941019999999753,"failureMessages":[],"meta":{},"tags":[]},{"ancestorTitles":["LocalAI","Analysis Operations"],"fullName":"LocalAI Analysis Operations should throw if not initialized","status":"passed","title":"should throw if not initialized","duration":0.428307000000018,"failureMessages":[],"meta":{},"tags":[]},{"ancestorTitles":["LocalAI","Analysis Operations"],"fullName":"LocalAI Analysis Operations should generate title suggestions","status":"passed","title":"should generate title suggestions","duration":0.7270819999999958,"failureMessages":[],"meta":{},"tags":[]},{"ancestorTitles":["LocalAI","Analysis Operations"],"fullName":"LocalAI Analysis Operations should analyze trends with few entries","status":"passed","title":"should analyze trends with few entries","duration":0.6671360000000277,"failureMessages":[],"meta":{},"tags":[]},{"ancestorTitles":["LocalAI","Analysis Operations"],"fullName":"LocalAI Analysis Operations should handle empty entries for trends","status":"passed","title":"should handle empty entries for trends","duration":0.33181200000001354,"failureMessages":[],"meta":{},"tags":[]},{"ancestorTitles":["LocalAI","Error Handling"],"fullName":"LocalAI Error Handling should handle analysis errors gracefully","status":"passed","title":"should handle analysis errors gracefully","duration":0.7577509999999847,"failureMessages":[],"meta":{},"tags":[]},{"ancestorTitles":["LocalAI","Error Handling"],"fullName":"LocalAI Error Handling should handle sentiment classification errors","status":"passed","title":"should handle sentiment classification errors","duration":0.8324630000000752,"failureMessages":[],"meta":{},"tags":[]}],"startTime":1775323884818,"endTime":1775323884837.8325,"status":"passed","message":"","name":"/home/user/ownjournal/src/services/__tests__/localAI.test.ts"},{"assertionResults":[{"ancestorTitles":["NextcloudDirectService","Connection Management"],"fullName":"NextcloudDirectService Connection Management should start disconnected","status":"skipped","title":"should start disconnected","failureMessages":[],"meta":{},"tags":[]},{"ancestorTitles":["NextcloudDirectService","Connection Management"],"fullName":"NextcloudDirectService Connection Management should connect with valid config","status":"skipped","title":"should connect with valid config","failureMessages":[],"meta":{},"tags":[]},{"ancestorTitles":["NextcloudDirectService","Connection Management"],"fullName":"NextcloudDirectService Connection Management should disconnect properly","status":"skipped","title":"should disconnect properly","failureMessages":[],"meta":{},"tags":[]},{"ancestorTitles":["NextcloudDirectService","Connection Management"],"fullName":"NextcloudDirectService Connection Management should throw when performing operations while disconnected","status":"skipped","title":"should throw when performing operations while disconnected","failureMessages":[],"meta":{},"tags":[]},{"ancestorTitles":["NextcloudDirectService","Authentication"],"fullName":"NextcloudDirectService Authentication should use Basic Auth with correct encoding","status":"skipped","title":"should use Basic Auth with correct encoding","failureMessages":[],"meta":{},"tags":[]},{"ancestorTitles":["NextcloudDirectService","Authentication"],"fullName":"NextcloudDirectService Authentication should handle authentication failures","status":"skipped","title":"should handle authentication failures","failureMessages":[],"meta":{},"tags":[]},{"ancestorTitles":["NextcloudDirectService","WebDAV URL Construction"],"fullName":"NextcloudDirectService WebDAV URL Construction should construct correct WebDAV URLs","status":"skipped","title":"should construct correct WebDAV URLs","failureMessages":[],"meta":{},"tags":[]},{"ancestorTitles":["NextcloudDirectService","WebDAV URL Construction"],"fullName":"NextcloudDirectService WebDAV URL Construction should handle server URLs with trailing slashes","status":"skipped","title":"should handle server URLs with trailing slashes","failureMessages":[],"meta":{},"tags":[]},{"ancestorTitles":["NextcloudDirectService","WebDAV URL Construction"],"fullName":"NextcloudDirectService WebDAV URL Construction should handle paths with leading slashes","status":"skipped","title":"should handle paths with leading slashes","failureMessages":[],"meta":{},"tags":[]},{"ancestorTitles":["NextcloudDirectService","File Upload"],"fullName":"NextcloudDirectService File Upload should upload file successfully","status":"skipped","title":"should upload file successfully","failureMessages":[],"meta":{},"tags":[]},{"ancestorTitles":["NextcloudDirectService","File Upload"],"fullName":"NextcloudDirectService File Upload should create parent directories if needed","status":"skipped","title":"should create parent directories if needed","failureMessages":[],"meta":{},"tags":[]},{"ancestorTitles":["NextcloudDirectService","File Upload"],"fullName":"NextcloudDirectService File Upload should handle empty content","status":"skipped","title":"should handle empty content","failureMessages":[],"meta":{},"tags":[]},{"ancestorTitles":["NextcloudDirectService","File Upload"],"fullName":"NextcloudDirectService File Upload should handle large files","status":"skipped","title":"should handle large files","failureMessages":[],"meta":{},"tags":[]},{"ancestorTitles":["NextcloudDirectService","File Upload"],"fullName":"NextcloudDirectService File Upload should handle upload failures","status":"skipped","title":"should handle upload failures","failureMessages":[],"meta":{},"tags":[]},{"ancestorTitles":["NextcloudDirectService","File Upload"],"fullName":"NextcloudDirectService File Upload should detect encryption blocking errors","status":"skipped","title":"should detect encryption blocking errors","failureMessages":[],"meta":{},"tags":[]},{"ancestorTitles":["NextcloudDirectService","File Download"],"fullName":"NextcloudDirectService File Download should download file successfully","status":"skipped","title":"should download file successfully","failureMessages":[],"meta":{},"tags":[]},{"ancestorTitles":["NextcloudDirectService","File Download"],"fullName":"NextcloudDirectService File Download should return null for non-existent files","status":"skipped","title":"should return null for non-existent files","failureMessages":[],"meta":{},"tags":[]},{"ancestorTitles":["NextcloudDirectService","File Download"],"fullName":"NextcloudDirectService File Download should handle empty files","status":"skipped","title":"should handle empty files","failureMessages":[],"meta":{},"tags":[]},{"ancestorTitles":["NextcloudDirectService","File Download"],"fullName":"NextcloudDirectService File Download should handle download errors","status":"skipped","title":"should handle download errors","failureMessages":[],"meta":{},"tags":[]},{"ancestorTitles":["NextcloudDirectService","File Download"],"fullName":"NextcloudDirectService File Download should handle unicode content","status":"skipped","title":"should handle unicode content","failureMessages":[],"meta":{},"tags":[]},{"ancestorTitles":["NextcloudDirectService","File Listing"],"fullName":"NextcloudDirectService File Listing should list files successfully","status":"skipped","title":"should list files successfully","failureMessages":[],"meta":{},"tags":[]},{"ancestorTitles":["NextcloudDirectService","File Listing"],"fullName":"NextcloudDirectService File Listing should filter out directories","status":"skipped","title":"should filter out directories","failureMessages":[],"meta":{},"tags":[]},{"ancestorTitles":["NextcloudDirectService","File Listing"],"fullName":"NextcloudDirectService File Listing should return empty array for empty directory","status":"skipped","title":"should return empty array for empty directory","failureMessages":[],"meta":{},"tags":[]},{"ancestorTitles":["NextcloudDirectService","File Listing"],"fullName":"NextcloudDirectService File Listing should handle listing errors","status":"skipped","title":"should handle listing errors","failureMessages":[],"meta":{},"tags":[]},{"ancestorTitles":["NextcloudDirectService","File Listing"],"fullName":"NextcloudDirectService File Listing should parse dates correctly","status":"skipped","title":"should parse dates correctly","failureMessages":[],"meta":{},"tags":[]},{"ancestorTitles":["NextcloudDirectService","File Deletion"],"fullName":"NextcloudDirectService File Deletion should delete file successfully","status":"skipped","title":"should delete file successfully","failureMessages":[],"meta":{},"tags":[]},{"ancestorTitles":["NextcloudDirectService","File Deletion"],"fullName":"NextcloudDirectService File Deletion should handle deletion of non-existent files","status":"skipped","title":"should handle deletion of non-existent files","failureMessages":[],"meta":{},"tags":[]},{"ancestorTitles":["NextcloudDirectService","File Deletion"],"fullName":"NextcloudDirectService File Deletion should handle deletion errors","status":"skipped","title":"should handle deletion errors","failureMessages":[],"meta":{},"tags":[]},{"ancestorTitles":["NextcloudDirectService","File Existence Check"],"fullName":"NextcloudDirectService File Existence Check should return true for existing files","status":"skipped","title":"should return true for existing files","failureMessages":[],"meta":{},"tags":[]},{"ancestorTitles":["NextcloudDirectService","File Existence Check"],"fullName":"NextcloudDirectService File Existence Check should return false for non-existent files","status":"skipped","title":"should return false for non-existent files","failureMessages":[],"meta":{},"tags":[]},{"ancestorTitles":["NextcloudDirectService","File Existence Check"],"fullName":"NextcloudDirectService File Existence Check should handle network errors","status":"skipped","title":"should handle network errors","failureMessages":[],"meta":{},"tags":[]},{"ancestorTitles":["NextcloudDirectService","Connection Testing"],"fullName":"NextcloudDirectService Connection Testing should test connection successfully","status":"skipped","title":"should test connection successfully","failureMessages":[],"meta":{},"tags":[]},{"ancestorTitles":["NextcloudDirectService","Connection Testing"],"fullName":"NextcloudDirectService Connection Testing should detect connection failures","status":"skipped","title":"should detect connection failures","failureMessages":[],"meta":{},"tags":[]},{"ancestorTitles":["NextcloudDirectService","Connection Testing"],"fullName":"NextcloudDirectService Connection Testing should handle network timeouts","status":"skipped","title":"should handle network timeouts","failureMessages":[],"meta":{},"tags":[]},{"ancestorTitles":["NextcloudDirectService","Error Handling"],"fullName":"NextcloudDirectService Error Handling should provide meaningful error messages","status":"skipped","title":"should provide meaningful error messages","failureMessages":[],"meta":{},"tags":[]},{"ancestorTitles":["NextcloudDirectService","Error Handling"],"fullName":"NextcloudDirectService Error Handling should handle malformed XML responses","status":"skipped","title":"should handle malformed XML responses","failureMessages":[],"meta":{},"tags":[]},{"ancestorTitles":["NextcloudDirectService","Error Handling"],"fullName":"NextcloudDirectService Error Handling should handle network failures gracefully","status":"skipped","title":"should handle network failures gracefully","failureMessages":[],"meta":{},"tags":[]},{"ancestorTitles":["NextcloudDirectService","Security"],"fullName":"NextcloudDirectService Security should not expose credentials in error messages","status":"skipped","title":"should not expose credentials in error messages","failureMessages":[],"meta":{},"tags":[]},{"ancestorTitles":["NextcloudDirectService","Security"],"fullName":"NextcloudDirectService Security should use secure Basic Auth encoding","status":"skipped","title":"should use secure Basic Auth encoding","failureMessages":[],"meta":{},"tags":[]},{"ancestorTitles":["NextcloudDirectService","CloudProvider Interface Compliance"],"fullName":"NextcloudDirectService CloudProvider Interface Compliance should implement all required methods","status":"skipped","title":"should implement all required methods","failureMessages":[],"meta":{},"tags":[]},{"ancestorTitles":["NextcloudDirectService","CloudProvider Interface Compliance"],"fullName":"NextcloudDirectService CloudProvider Interface Compliance should have correct properties","st
[...]
__/SyncDiagnostics.test.tsx"},{"assertionResults":[{"ancestorTitles":["SyncHealthMonitor"],"fullName":"SyncHealthMonitor should render successfully","status":"passed","title":"should render successfully","duration":69.17150700000002,"failureMessages":[],"meta":{},"tags":[]},{"ancestorTitles":["SyncHealthMonitor"],"fullName":"SyncHealthMonitor should render health status title","status":"passed","title":"should render health status title","duration":15.899878999999828,"failureMessages":[],"meta":{},"tags":[]},{"ancestorTitles":["SyncHealthMonitor"],"fullName":"SyncHealthMonitor should render refresh button","status":"passed","title":"should render refresh button","duration":20.293927999999823,"failureMessages":[],"meta":{},"tags":[]},{"ancestorTitles":["SyncHealthMonitor"],"fullName":"SyncHealthMonitor should render health metrics","status":"passed","title":"should render health metrics","duration":21.48037999999997,"failureMessages":[],"meta":{},"tags":[]},{"ancestorTitles":["SyncHealthMonitor"],"fullName":"SyncHealthMonitor should render health score","status":"passed","title":"should render health score","duration":18.040365000000065,"failureMessages":[],"meta":{},"tags":[]},{"ancestorTitles":["SyncHealthMonitor"],"fullName":"SyncHealthMonitor should handle auto-refresh state","status":"passed","title":"should handle auto-refresh state","duration":13.861131999999998,"failureMessages":[],"meta":{},"tags":[]},{"ancestorTitles":["SyncHealthMonitor"],"fullName":"SyncHealthMonitor should calculate health metrics correctly","status":"passed","title":"should calculate health metrics correctly","duration":21.37803000000008,"failureMessages":[],"meta":{},"tags":[]}],"startTime":1775323875560,"endTime":1775323875740.378,"status":"passed","message":"","name":"/home/user/ownjournal/src/components/settings/__tests__/SyncHealthMonitor.test.tsx"},{"assertionResults":[{"ancestorTitles":["DropboxSync"],"fullName":"DropboxSync should render successfully","status":"passed","title":"should render successfully","duration":50.64073200000007,"failureMessages":[],"meta":{},"tags":[]},{"ancestorTitles":["DropboxSync"],"fullName":"DropboxSync should render with null master key","status":"passed","title":"should render with null master key","duration":6.586680000000115,"failureMessages":[],"meta":{},"tags":[]},{"ancestorTitles":["DropboxSync"],"fullName":"DropboxSync should render without optional callbacks","status":"passed","title":"should render without optional callbacks","duration":5.068798000000015,"failureMessages":[],"meta":{},"tags":[]},{"ancestorTitles":["DropboxSync"],"fullName":"DropboxSync should render connection status","status":"passed","title":"should render connection status","duration":4.479132000000163,"failureMessages":[],"meta":{},"tags":[]},{"ancestorTitles":["DropboxSync"],"fullName":"DropboxSync should render connect button when not connected","status":"passed","title":"should render connect button when not connected","duration":11.00513500000011,"failureMessages":[],"meta":{},"tags":[]},{"ancestorTitles":["DropboxSync"],"fullName":"DropboxSync should handle loading state","status":"passed","title":"should handle loading state","duration":3.7550200000000586,"failureMessages":[],"meta":{},"tags":[]},{"ancestorTitles":["DropboxSync"],"fullName":"DropboxSync should render Dropbox branding","status":"passed","title":"should render Dropbox branding","duration":3.728685999999925,"failureMessages":[],"meta":{},"tags":[]},{"ancestorTitles":["DropboxSync"],"fullName":"DropboxSync should handle token refresh requirement","status":"passed","title":"should handle token refresh requirement","duration":3.5668249999998807,"failureMessages":[],"meta":{},"tags":[]}],"startTime":1775323878001,"endTime":1775323878090.567,"status":"passed","message":"","name":"/home/user/ownjournal/src/components/storage/__tests__/DropboxSync.test.tsx"},{"assertionResults":[{"ancestorTitles":["GoogleDriveSync - Connection Flow"],"fullName":"GoogleDriveSync - Connection Flow should pass retry action when requesting password","status":"passed","title":"should pass retry action when requesting password","duration":103.78184099999999,"failureMessages":[],"meta":{},"tags":[]},{"ancestorTitles":["GoogleDriveSync - Connection Flow"],"fullName":"GoogleDriveSync - Connection Flow should initiate OAuth flow when master key is available","status":"passed","title":"should initiate OAuth flow when master key is available","duration":11.676294000000098,"failureMessages":[],"meta":{},"tags":[]},{"ancestorTitles":["GoogleDriveSync - Connection Flow"],"fullName":"GoogleDriveSync - Connection Flow should handle OAuth callback with master key available","status":"passed","title":"should handle OAuth callback with master key available","duration":12.701414999999997,"failureMessages":[],"meta":{},"tags":[]},{"ancestorTitles":["GoogleDriveSync - Connection Flow"],"fullName":"GoogleDriveSync - Connection Flow should request password when OAuth callback occurs without master key","status":"passed","title":"should request password when OAuth callback occurs without master key","duration":16.820772000000034,"failureMessages":[],"meta":{},"tags":[]},{"ancestorTitles":["GoogleDriveSync - Connection Flow"],"fullName":"GoogleDriveSync - Connection Flow should not process OAuth callback multiple times","status":"passed","title":"should not process OAuth callback multiple times","duration":214.4811490000002,"failureMessages":[],"meta":{},"tags":[]}],"startTime":1775323867868,"endTime":1775323868228.4812,"status":"passed","message":"","name":"/home/user/ownjournal/src/components/storage/__tests__/GoogleDriveSync.connection-flow.test.tsx"},{"assertionResults":[{"ancestorTitles":["GoogleDriveSync"],"fullName":"GoogleDriveSync should render successfully","status":"passed","title":"should render successfully","duration":43.91108200000008,"failureMessages":[],"meta":{},"tags":[]},{"ancestorTitles":["GoogleDriveSync"],"fullName":"GoogleDriveSync should render with null master key","status":"passed","title":"should render with null master key","duration":4.600348999999824,"failureMessages":[],"meta":{},"tags":[]},{"ancestorTitles":["GoogleDriveSync"],"fullName":"GoogleDriveSync should render without optional callbacks","status":"passed","title":"should render without optional callbacks","duration":3.6140399999999318,"failureMessages":[],"meta":{},"tags":[]},{"ancestorTitles":["GoogleDriveSync"],"fullName":"GoogleDriveSync should render connection status","status":"passed","title":"should render connection status","duration":2.851617000000033,"failureMessages":[],"meta":{},"tags":[]},{"ancestorTitles":["GoogleDriveSync"],"fullName":"GoogleDriveSync should render connect button when not connected","status":"passed","title":"should render connect button when not connected","duration":8.976296000000048,"failureMessages":[],"meta":{},"tags":[]},{"ancestorTitles":["GoogleDriveSync"],"fullName":"GoogleDriveSync should handle loading state","status":"passed","title":"should handle loading state","duration":2.6206750000001193,"failureMessages":[],"meta":{},"tags":[]},{"ancestorTitles":["GoogleDriveSync"],"fullName":"GoogleDriveSync should render Google Drive branding","status":"passed","title":"should render Google Drive branding","duration":3.50912500000004,"failureMessages":[],"meta":{},"tags":[]},{"ancestorTitles":["GoogleDriveSync"],"fullName":"GoogleDriveSync should handle token refresh requirement","status":"passed","title":"should handle token refresh requirement","duration":2.4224400000000514,"failureMessages":[],"meta":{},"tags":[]}],"startTime":1775323879241,"endTime":1775323879313.4224,"status":"passed","message":"","name":"/home/user/ownjournal/src/components/storage/__tests__/GoogleDriveSync.test.tsx"},{"assertionResults":[{"ancestorTitles":["ICloudSync"],"fullName":"ICloudSync should render successfully","status":"passed","title":"should render successfully","duration":189.62477200000012,"failureMessages":[],"meta":{},"tags":[]},{"ancestorTitles":["ICloudSync"],"fullName":"ICloudSync should show dev setup required message","status":"passed","title":"should show dev setup required message","duration":18.267653999999993,"failureMessages":[],"meta":{},"tags":[]},{"ancestorTitles":["ICloudSync"],"fullName":"ICloudSync should mention iCloud in title","status":"passed","title":"should mention iCloud in title","duration":17.233117999999877,"failureMessages":[],"meta":{},"tags":[]},{"ancestorTitles":["ICloudSync"],"fullName":"ICloudSync should show dev setup description","status":"passed","title":"should show dev setup description","duration":18.093881999999894,"failureMessages":[],"meta":{},"tags":[]},{"ancestorTitles":["ICloudSync"],"fullName":"ICloudSync should render with null master key","status":"passed","title":"should render with null master key","duration":13.179260000000113,"failureMessages":[],"meta":{},"tags":[]},{"ancestorTitles":["ICloudSync"],"fullName":"ICloudSync should render without optional callbacks","status":"passed","title":"should render without optional callbacks","duration":8.604818000000023,"failureMessages":[],"meta":{},"tags":[]}],"startTime":1775323868181,"endTime":1775323868445.6047,"status":"passed","message":"","name":"/home/user/ownjournal/src/components/storage/__tests__/ICloudSync.test.tsx"},{"assertionResults":[{"ancestorTitles":["NextcloudSync - Connection Recovery"],"fullName":"NextcloudSync - Connection Recovery should maintain window binding even if isConnected temporarily becomes false","status":"passed","title":"should maintain window binding even if isConnected temporarily becomes false","duration":77.212356,"failureMessages":[],"meta":{},"tags":[]},{"ancestorTitles":["NextcloudSync - Connection Recovery"],"fullName":"NextcloudSync - Connection Recovery should perform health checks periodically","status":"passed","title":"should perform health checks periodically","duration":9.84362699999997,"failureMessages":[],"meta":{},"tags":[]},{"ancestorTitles":["NextcloudSync - Connection Recovery"],"fullName":"NextcloudSync - Connection Recovery should recover connection after multiple consecutive health check failures","status":"passed","title":"should recover connection after multiple consecutive health check failures","duration":9.072374000000082,"failureMessages":[],"meta":{},"tags":[]},{"ancestorTitles":["NextcloudSync - Connection Recovery"],"fullName":"NextcloudSync - Connection Recovery should clear health checks on unmount","status":"passed","title":"should clear health checks on unmount","duration":8.849328000000014,"failureMessages":[],"meta":{},"tags":[]},{"ancestorTitles":["NextcloudSync - Connection Recovery"],"fullName":"NextcloudSync - Connection Recovery should preserve last valid config for recovery","status":"passed","title":"should preserve last valid config for recovery","duration":8.713686000000052,"failureMessages":[],"meta":{},"tags":[]}],"startTime":1775323878563,"endTime":1775323878677.7136,"status":"passed","message":"","name":"/home/user/ownjournal/src/components/storage/__tests__/NextcloudSync.connection-recovery.test.tsx"},{"assertionResults":[{"ancestorTitles":["NextcloudSync"],"fullName":"NextcloudSync should render successfully","status":"passed","title":"should render successfully","duration":43.78656800000044,"failureMessages":[],"meta":{},"tags":[]},{"ancestorTitles":["NextcloudSync"],"fullName":"NextcloudSync should render with null master key","status":"passed","title":"should render with null master key","duration":4.446100000000115,"failureMessages":[],"meta":{},"tags":[]},{"ancestorTitles":["NextcloudSync"],"fullName":"NextcloudSync should render without optional callbacks","status":"passed","title":"should render without optional callbacks","duration":5.278212999999596,"failureMessages":[],"meta":{},"tags":[]},{"ancestorTitles":["NextcloudSync"],"fullName":"NextcloudSync should render connection status","status":"passed","title":"should render connection status","duration":4.486636999999973,"failureMessages":[],"meta":{},"tags":[]},{"ancestorTitles":["NextcloudSync"],"fullName":"NextcloudSync should render connect button when not connected","status":"passed","title":"should render connect button when not connected","duration":10.249869999999646,"failureMessages":[],"meta":{},"tags":[]},{"ancestorTitles":["NextcloudSync"],"fullName":"NextcloudSync should handle loading state","status":"passed","title":"should handle loading state","duration":4.344256000000314,"failureMessages":[],"meta":{},"tags":[]},{"ancestorTitles":["NextcloudSync"],"fullName":"NextcloudSync should render Nextcloud branding","status":"passed","title":"should render Nextcloud branding","duration":3.5648819999996704,"failureMessages":[],"meta":{},"tags":[]},{"ancestorTitles":["NextcloudSync"],"fullName":"NextcloudSync should render configuration form","status":"passed","title":"should render configuration form","duration":7.2351580000004105,"failureMessages":[],"meta":{},"tags":[]},{"ancestorTitles":["NextcloudSync"],"fullName":"NextcloudSync should render CORS help section","status":"passed","title":"should render CORS help section","duration":7.927120999999715,"failureMessages":[],"meta":{},"tags":[]},{"ancestorTitles":["NextcloudSync"],"fullName":"NextcloudSync should handle validation errors","status":"passed","title":"should handle validation errors","duration":3.2391749999997046,"failureMessages":[],"meta":{},"tags":[]},{"ancestorTitles":["NextcloudSync"],"fullName":"NextcloudSync should handle password requirement on connect","status":"passed","title":"should handle password requirement on connect","duration":2.856428000000051,"failureMessages":[],"meta":{},"tags":[]},{"ancestorTitles":["NextcloudSync"],"fullName":"NextcloudSync should verify connection with test() before marking as connected","status":"passed","title":"should verify connection with test() before marking as connected","duration":36.04594199999974,"failureMessages":[],"meta":{},"tags":[]},{"ancestorTitles":["NextcloudSync"],"fullName":"NextcloudSync should call test() after connecting even when test fails","status":"passed","title":"should call test() after connecting even when test fails","duration":10.332919999999831,"failureMessages":[],"meta":{},"tags":[]},{"ancestorTitles":["NextcloudSync"],"fullName":"NextcloudSync should create window binding only once when connected","status":"passed","title":"should create window binding only once when connected","duration":14.022065000000111,"failureMessages":[],"meta":{},"tags":[]},{"ancestorTitles":["NextcloudSync"],"fullName":"NextcloudSync should require password only when truly needed (no master key and trying to connect)","status":"passed","title":"should require password only when truly needed (no master key and trying to connect)","duration":503.85639699999956,"failureMessages":[],"meta":{},"tags":[]},{"ancestorTitles":["NextcloudSync"],"fullName":"NextcloudSync should preserve window binding when component unmounts for background sync","status":"passed","title":"should preserve window binding when component unmounts for background sync","duration":7.141770999999608,"failureMessages":[],"meta":{},"tags":[]},{"ancestorTitles":["NextcloudSync"],"fullName":"NextcloudSync should NOT request password again after master key is provided","status":"passed","title":"should NOT request password again after master key is provided","duration":204.18815900000027,"failureMessages":[],"meta":{},"tags":[]},{"ancestorTitles":["NextcloudSync"],"fullName":"NextcloudSync should establish window binding only once when connected","status":"passed","title":"should establish window binding only once when connected","duration":103.90886500000033,"failureMessages":[],"meta":{},"tags":[]}],"startTime":1775323860732,"endTime":1775323861720.909,"status":"passed","message":"","name":"/home/user/ownjournal/src/components/storage/__tests__/NextcloudSync.test.tsx"},{"assertionResults":[{"ancestorTitles":["OAuth Race Condition Handling","GoogleDriveSync"],"fullName":"OAuth Race Condition Handling GoogleDriveSync should wait before calling onRequirePassword when OAuth callback occurs without master key","status":"skipped","title":"should wait before calling onRequirePassword when OAuth callback occurs without master key","failureMessages":[],"meta":{},"tags":[]},{"ancestorTitles":["OAuth Race Condition Handling","GoogleDriveSync"],"fullName":"OAuth Race Condition Handling GoogleDriveSync should process OAuth callback immediately when master key is already available","status":"skipped","title":"should process OAuth callback immediately when master key is already available","failureMessages":[],"meta":{},"tags":[]},{"ancestorTitles":["OAuth Race Condition Handling","GoogleDriveSync"],"fullName":"OAuth Race Condition Handling GoogleDriveSync should handle OAuth error in URL without requiring password","status":"skipped","title":"should handle OAuth error in URL without requiring password","failureMessages":[],"meta":{},"tags":[]},{"ancestorTitles":["OAuth Race Condition Handling","DropboxSync"],"fullName":"OAuth Race Condition Handling DropboxSync should wait before calling onRequirePassword when OAuth callback occurs without master key","status":"skipped","title":"should wait before calling onRequirePassword when OAuth callback occurs without master key","failureMessages":[],"meta":{},"tags":[]},{"ancestorTitles":["OAuth Race Condition Handling","DropboxSync"],"fullName":"OAuth Race Condition Handling DropboxSync should process OAuth callback when master key is available","status":"skipped","title":"should process OAuth callback when master key is available","failureMessages":[],"meta":{},"tags":[]},{"ancestorTitles":["OAuth Race Condition Handling","Race condition prevention"],"fullName":"OAuth Race Condition Handling Race condition prevention should not call onRequirePassword multiple times for the same OAuth callback","status":"skipped","title":"should not call onRequirePassword multiple times for the same OAuth callback","failureMessages":[],"meta":{},"tags":[]}],"startTime":1775323851736,"endTime":1775323851736,"status":"passed","message":"","name":"/home/user/ownjournal/src/components/storage/__tests__/OAuth-race-condition.test.tsx"},{"assertionResults":[{"ancestorTitles":["SubscriptionBanner"],"fullName":"SubscriptionBanner should render successfully for non-pro users","status":"passed","title":"should render successfully for non-pro users","duration":86.16277999999988,"failureMessages":[],"meta":{},"tags":[]},{"ancestorTitles":["SubscriptionBanner"],"fullName":"SubscriptionBanner should render upgrade content for non-pro users","status":"passed","title":"should render upgrade content for non-pro users","duration":10.782873999999993,"failureMessages":[],"meta":{},"tags":[]},{"ancestorTitles":["SubscriptionBanner"],"fullName":"SubscriptionBanner should render pro member content for pro users","status":"passed","title":"should render pro member content for pro users","duration":4.354493000000048,"failureMessages":[],"meta":{},"tags":[]},{"ancestorTitles":["SubscriptionBanner"],"fullName":"SubscriptionBanner should not render upgrade content for pro users","status":"passed","title":"should not render upgrade content for pro users","duration":3.0299250000000484,"failureMessages":[],"meta":{},"tags":[]},{"ancestorTitles":["SubscriptionBanner"],"fullName":"SubscriptionBanner should render with default isPro=false","status":"passed","title":"should render with default isPro=false","duration":8.33320700000013,"failureMessages":[],"meta":{},"tags":[]},{"ancestorTitles":["SubscriptionBanner"],"fullName":"SubscriptionBanner should handle onClick callback","status":"passed","title":"should handle onClick callback","duration":8.880754999999908,"failureMessages":[],"meta":{},"tags":[]}],"startTime":1775323877212,"endTime":1775323877333.8809,"status":"passed","message":"","name":"/home/user/ownjournal/src/components/subscription/__tests__/SubscriptionBanner.test.tsx"}]}