{"numTotalTestSuites":316,"numPassedTestSuites":316,"numFailedTestSuites":0,"numPendingTestSuites":0,"numTotalTests":831,"numPassedTests":705,"numFailedTests":0,"numPendingTests":126,"numTodoTests":0,"snapshot":{"added":0,"failure":false,"filesAdded":0,"filesRemoved":0,"filesRemovedList":[],"filesUnmatched":0,"filesUpdated":0,"matched":0,"total":0,"unchecked":0,"uncheckedKeysByFile":[],"unmatched":0,"updated":0,"didUpdate":false},"startTime":1775335043099,"success":true,"testResults":[{"assertionResults":[{"ancestorTitles":["LanguageSwitcher"],"fullName":"LanguageSwitcher should render without crashing","status":"passed","title":"should render without crashing","duration":94.03518399999996,"failureMessages":[],"meta":{},"tags":[]},{"ancestorTitles":["LanguageSwitcher"],"fullName":"LanguageSwitcher should render language selector component","status":"passed","title":"should render language selector component","duration":28.526253999999994,"failureMessages":[],"meta":{},"tags":[]},{"ancestorTitles":["LanguageSwitcher"],"fullName":"LanguageSwitcher should have accessible elements","status":"passed","title":"should have accessible elements","duration":44.777082000000064,"failureMessages":[],"meta":{},"tags":[]},{"ancestorTitles":["LanguageSwitcher"],"fullName":"LanguageSwitcher should integrate with i18n","status":"passed","title":"should integrate with i18n","duration":47.10376199999996,"failureMessages":[],"meta":{},"tags":[]}],"startTime":1775335063588,"endTime":1775335063803.1038,"status":"passed","message":"","name":"/home/user/ownjournal/src/components/__tests__/LanguageSwitcher.test.tsx"},{"assertionResults":[{"ancestorTitles":["SyncStatusIndicator"],"fullName":"SyncStatusIndicator should render without crashing","status":"passed","title":"should render without crashing","duration":22.292877999999973,"failureMessages":[],"meta":{},"tags":[]},{"ancestorTitles":["SyncStatusIndicator"],"fullName":"SyncStatusIndicator should render with idle status","status":"passed","title":"should render with idle status","duration":7.214824000000021,"failureMessages":[],"meta":{},"tags":[]},{"ancestorTitles":["SyncStatusIndicator"],"fullName":"SyncStatusIndicator should render with syncing status","status":"passed","title":"should render with syncing status","duration":3.3234109999999646,"failureMessages":[],"meta":{},"tags":[]},{"ancestorTitles":["SyncStatusIndicator"],"fullName":"SyncStatusIndicator should render with error status","status":"passed","title":"should render with error status","duration":10.66353300000003,"failureMessages":[],"meta":{},"tags":[]},{"ancestorTitles":["SyncStatusIndicator"],"fullName":"SyncStatusIndicator should render with success status","status":"passed","title":"should render with success status","duration":2.5034049999999297,"failureMessages":[],"meta":{},"tags":[]},{"ancestorTitles":["SyncStatusIndicator"],"fullName":"SyncStatusIndicator should handle empty connectedProviders","status":"passed","title":"should handle empty connectedProviders","duration":1.7455270000000382,"failureMessages":[],"meta":{},"tags":[]},{"ancestorTitles":["SyncStatusIndicator"],"fullName":"SyncStatusIndicator should handle multiple connectedProviders","status":"passed","title":"should handle multiple connectedProviders","duration":1.935608000000002,"failureMessages":[],"meta":{},"tags":[]},{"ancestorTitles":["SyncStatusIndicator"],"fullName":"SyncStatusIndicator should be visually distinct for different statuses","status":"passed","title":"should be visually distinct for different statuses","duration":5.573614999999904,"failureMessages":[],"meta":{},"tags":[]},{"ancestorTitles":["SyncStatusIndicator"],"fullName":"SyncStatusIndicator should render accessibility attributes","status":"passed","title":"should render accessibility attributes","duration":5.282811000000038,"failureMessages":[],"meta":{},"tags":[]},{"ancestorTitles":["SyncStatusIndicator"],"fullName":"SyncStatusIndicator should render consistently with minimal props","status":"passed","title":"should render consistently with minimal props","duration":2.3965440000000626,"failureMessages":[],"meta":{},"tags":[]},{"ancestorTitles":["SyncStatusIndicator"],"fullName":"SyncStatusIndicator should update when status changes","status":"passed","title":"should update when status changes","duration":2.95059399999991,"failureMessages":[],"meta":{},"tags":[]},{"ancestorTitles":["SyncStatusIndicator"],"fullName":"SyncStatusIndicator should show appropriate message for no connected providers","status":"passed","title":"should show appropriate message for no connected providers","duration":1.5204310000000305,"failureMessages":[],"meta":{},"tags":[]}],"startTime":1775335058789,"endTime":1775335058856.5205,"status":"passed","message":"","name":"/home/user/ownjournal/src/components/__tests__/SyncStatusIndicator.test.tsx"},{"assertionResults":[{"ancestorTitles":["useIsMobile"],"fullName":"useIsMobile should initialize with undefined","status":"passed","title":"should initialize with undefined","duration":17.68802100000005,"failureMessages":[],"meta":{},"tags":[]},{"ancestorTitles":["useIsMobile"],"fullName":"useIsMobile should detect mobile viewport","status":"passed","title":"should detect mobile viewport","duration":2.0713020000000597,"failureMessages":[],"meta":{},"tags":[]},{"ancestorTitles":["useIsMobile"],"fullName":"useIsMobile should detect desktop viewport","status":"passed","title":"should detect desktop viewport","duration":2.1557920000000195,"failureMessages":[],"meta":{},"tags":[]},{"ancestorTitles":["useIsMobile"],"fullName":"useIsMobile should update when viewport changes","status":"passed","title":"should update when viewport changes","duration":1.8275270000000319,"failureMessages":[],"meta":{},"tags":[]},{"ancestorTitles":["useIsMobile"],"fullName":"useIsMobile should use 768px as breakpoint","status":"passed","title":"should use 768px as breakpoint","duration":2.4011580000000095,"failureMessages":[],"meta":{},"tags":[]},{"ancestorTitles":["useIsMobile"],"fullName":"useIsMobile should cleanup event listeners on unmount","status":"passed","title":"should cleanup event listeners on unmount","duration":1.6444450000000188,"failureMessages":[],"meta":{},"tags":[]},{"ancestorTitles":["useIsMobile"],"fullName":"useIsMobile should handle multiple viewport changes","status":"passed","title":"should handle multiple viewport changes","duration":1.8752550000000383,"failureMessages":[],"meta":{},"tags":[]},{"ancestorTitles":["useIsMobile"],"fullName":"useIsMobile should always return boolean","status":"passed","title":"should always return boolean","duration":1.820912999999905,"failureMessages":[],"meta":{},"tags":[]}],"startTime":1775335059037,"endTime":1775335059068.8208,"status":"passed","message":"","name":"/home/user/ownjournal/src/hooks/__tests__/use-mobile.test.tsx"},{"assertionResults":[{"ancestorTitles":["useToast"],"fullName":"useToast should initialize with empty toasts","status":"passed","title":"should initialize with empty toasts","duration":13.720438999999942,"failureMessages":[],"meta":{},"tags":[]},{"ancestorTitles":["useToast"],"fullName":"useToast should add a toast","status":"passed","title":"should add a toast","duration":6.769610000000057,"failureMessages":[],"meta":{},"tags":[]},{"ancestorTitles":["useToast"],"fullName":"useToast should limit toasts to TOAST_LIMIT","status":"passed","title":"should limit toasts to TOAST_LIMIT","duration":2.2551409999999805,"failureMessages":[],"meta":{},"tags":[]},{"ancestorTitles":["useToast"],"fullName":"useToast should dismiss a specific toast","status":"passed","title":"should dismiss a specific toast","duration":2.4491350000000693,"failureMessages":[],"meta":{},"tags":[]},{"ancestorTitles":["useToast"],"fullName":"useToast should dismiss all toasts","status":"passed","title":"should dismiss all toasts","duration":3.253084999999942,"failureMessages":[],"meta":{},"tags":[]},{"ancestorTitles":["useToast"],"fullName":"useToast should update a toast","status":"passed","title":"should update a toast","duration":1.7041609999999991,"failureMessages":[],"meta":{},"tags":[]},{"ancestorTitles":["useToast"],"fullName":"useToast should auto-dismiss toast after delay","status":"passed","title":"should auto-dismiss toast after delay","duration":2.7125879999999825,"failureMessages":[],"meta":{},"tags":[]},{"ancestorTitles":["useToast"],"fullName":"useToast should handle toast with action","status":"passed","title":"should handle toast with action","duration":1.2948679999999513,"failureMessages":[],"meta":{},"tags":[]},{"ancestorTitles":["useToast"],"fullName":"useToast should handle toast with variant","status":"passed","title":"should handle toast with variant","duration":2.430945999999949,"failureMessages":[],"meta":{},"tags":[]},{"ancestorTitles":["useToast"],"fullName":"useToast should call onOpenChange when dismissing","status":"passed","title":"should call onOpenChange when dismissing","duration":1.666558000000009,"failureMessages":[],"meta":{},"tags":[]},{"ancestorTitles":["useToast"],"fullName":"useToast should use standalone toast function","status":"passed","title":"should use standalone toast function","duration":1.8180889999999863,"failureMessages":[],"meta":{},"tags":[]},{"ancestorTitles":["useToast"],"fullName":"useToast should generate unique IDs for toasts","status":"passed","title":"should generate unique IDs for toasts","duration":1.2719470000000683,"failureMessages":[],"meta":{},"tags":[]},{"ancestorTitles":["useToast"],"fullName":"useToast should handle rapid toast additions","status":"passed","title":"should handle rapid toast additions","duration":1.1356799999999794,"failureMessages":[],"meta":{},"tags":[]}],"startTime":1775335056429,"endTime":1775335056472.1357,"status":"passed","message":"","name":"/home/user/ownjournal/src/hooks/__tests__/use-toast.test.tsx"},{"assertionResults":[{"ancestorTitles":["usePlatform"],"fullName":"usePlatform should return platform information","status":"passed","title":"should return platform information","duration":10.91237000000001,"failureMessages":[],"meta":{},"tags":[]},{"ancestorTitles":["usePlatform"],"fullName":"usePlatform should return capabilities","status":"passed","title":"should return capabilities","duration":2.998256999999967,"failureMessages":[],"meta":{},"tags":[]},{"ancestorTitles":["usePlatform"],"fullName":"usePlatform should return OAuth recommendations","status":"passed","title":"should return OAuth recommendations","duration":1.6836509999999407,"failureMessages":[],"meta":{},"tags":[]},{"ancestorTitles":["usePlatform"],"fullName":"usePlatform should detect mobile platform","status":"passed","title":"should detect mobile platform","duration":1.2722370000000183,"failureMessages":[],"meta":{},"tags":[]},{"ancestorTitles":["usePlatform"],"fullName":"usePlatform should detect desktop platform","status":"passed","title":"should detect desktop platform","duration":1.8299289999999928,"failureMessages":[],"meta":{},"tags":[]},{"ancestorTitles":["usePlatform"],"fullName":"usePlatform should memoize platform info","status":"passed","title":"should memoize platform info","duration":1.6933729999999514,"failureMessages":[],"meta":{},"tags":[]},{"ancestorTitles":["useIsPlatform"],"fullName":"useIsPlatform should check if on specific platform","status":"passed","title":"should check if on specific platform","duration":1.2268699999999626,"failureMessages":[],"meta":{},"tags":[]},{"ancestorTitles":["useIsPlatform"],"fullName":"useIsPlatform should return false for different platform","status":"passed","title":"should return false for different platform","duration":1.2718359999998938,"failureMessages":[],"meta":{},"tags":[]},{"ancestorTitles":["usePlatformConfig"],"fullName":"usePlatformConfig should return web config when on web","status":"passed","title":"should return web config when on web","duration":1.8577299999999468,"failureMessages":[],"meta":{},"tags":[]},{"ancestorTitles":["usePlatformConfig"],"fullName":"usePlatformConfig should return mobile config when on mobile","status":"passed","title":"should return mobile config when on mobile","duration":1.1013060000000223,"failureMessages":[],"meta":{},"tags":[]},{"ancestorTitles":["usePlatformConfig"],"fullName":"usePlatformConfig should return desktop config when on desktop","status":"passed","title":"should return desktop config when on desktop","duration":0.9525529999999662,"failureMessages":[],"meta":{},"tags":[]},{"ancestorTitles":["usePlatformConfig"],"fullName":"usePlatformConfig should return default when specific config missing","status":"passed","title":"should return default when specific config missing","duration":0.9517309999999952,"failureMessages":[],"meta":{},"tags":[]}],"startTime":1775335046261,"endTime":1775335046288.9517,"status":"passed","message":"","name":"/home/user/ownjournal/src/hooks/__tests__/usePlatform.test.tsx"},{"assertionResults":[{"ancestorTitles":["useTransfer"],"fullName":"useTransfer should initialize with default values","status":"passed","title":"should initialize with default values","duration":20.455448000000047,"failureMessages":[],"meta":{},"tags":[]},{"ancestorTitles":["useTransfer"],"fullName":"useTransfer should handle successful transfer","status":"passed","title":"should handle successful transfer","duration":5.402577999999949,"failureMessages":[],"meta":{},"tags":[]},{"ancestorTitles":["useTransfer"],"fullName":"useTransfer should update progress during transfer","status":"passed","title":"should update progress during transfer","duration":2.2065559999999778,"failureMessages":[],"meta":{},"tags":[]},{"ancestorTitles":["useTransfer"],"fullName":"useTransfer should handle transfer errors","status":"passed","title":"should handle transfer errors","duration":2.273931999999945,"failureMessages":[],"meta":{},"tags":[]},{"ancestorTitles":["useTransfer"],"fullName":"useTransfer should handle partial failures","status":"passed","title":"should handle partial failures","duration":2.106685999999968,"failureMessages":[],"meta":{},"tags":[]},{"ancestorTitles":["useTransfer"],"fullName":"useTransfer should reject if source provider not connected","status":"passed","title":"should reject if source provider not connected","duration":1.4038479999999254,"failureMessages":[],"meta":{},"tags":[]},{"ancestorTitles":["useTransfer"],"fullName":"useTransfer should reject if target provider not connected","status":"passed","title":"should reject if target provider not connected","duration":5.306791999999973,"failureMessages":[],"meta":{},"tags":[]},{"ancestorTitles":["useTransfer"],"fullName":"useTransfer should stop transfer","status":"passed","title":"should stop transfer","duration":1.6885240000000294,"failureMessages":[],"meta":{},"tags":[]},{"ancestorTitles":["useTransfer"],"fullName":"useTransfer should handle conflict resolution","status":"passed","title":"should handle conflict resolution","duration":2.8353200000000243,"failureMessages":[],"meta":{},"tags":[]},{"ancestorTitles":["useTransfer"],"fullName":"useTransfer should reset state after transfer completes","status":"passed","title":"should reset state after transfer completes","duration":1.4797360000000026,"failureMessages":[],"meta":{},"tags":[]}],"startTime":1775335053070,"endTime":1775335053115.4797,"status":"passed","message":"","name":"/home/user/ownjournal/src/hooks/__tests__/useTransfer.test.tsx"},{"assertionResults":[{"ancestorTitles":["cn utility"],"fullName":"cn utility should merge class names","status":"passed","title":"should merge class names","duration":4.60924799999998,"failureMessages":[],"meta":{},"tags":[]},{"ancestorTitles":["cn utility"],"fullName":"cn utility should handle conditional classes","status":"passed","title":"should handle conditional classes","duration":0.2544080000000122,"failureMessages":[],"meta":{},"tags":[]},{"ancestorTitles":["cn utility"],"fullName":"cn utility should handle undefined and null","status":"passed","title":"should handle undefined and null","duration":0.18126399999994192,"failureMessages":[],"meta":{},"tags":[]},{"ancestorTitles":["cn utility"],"fullName":"cn utility should merge tailwind classes correctly","status":"passed","title":"should merge tailwind classes correctly","duration":0.4716550000000552,"failureMessages":[],"meta":{},"tags":[]},{"ancestorTitles":["cn utility"],"fullName":"cn utility should handle empty input","status":"passed","title":"should handle empty input","duration":0.1314469999999801,"failureMessages":[],"meta":{},"tags":[]},{"ancestorTitles":["cn utility"],"fullName":"cn utility should handle arrays of classes","status":"passed","title":"should handle arrays of classes","duration":0.2033880000000181,"failureMessages":[],"meta":{},"tags":[]},{"ancestorTitles":["cn utility"],"fullName":"cn utility should handle objects with boolean values","status":"passed","title":"should handle objects with boolean values","duration":0.16176099999995586,"failureMessages":[],"meta":{},"tags":[]},{"ancestorTitles":["cn utility"],"fullName":"cn utility should merge complex tailwind utilities","status":"passed","title":"should merge complex tailwind utilities","duration":0.29310900000007223,"failureMessages":[],"meta":{},"tags":[]},{"ancestorTitles":["cn utility"],"fullName":"cn utility should handle nested arrays and objects","status":"passed","title":"should handle nested arrays and objects","duration":0.41025600000000395,"failureMessages":[],"meta":{},"tags":[]}],"startTime":1775335065126,"endTime":1775335065133.4102,"status":"passed","message":"","name":"/home/user/ownjournal/src/lib/__tests__/utils.test.ts"},{"assertionResults":[{"ancestorTitles":["Index"],"fullName":"Index should render successfully","status":"passed","title":"should render successfully","duration":25.28603099999964,"failureMessages":[],"meta":{},"tags":[]},{"ancestorTitles":["Index"],"fullName":"Index should render authentication screen for unauthenticated users","status":"passed","title":"should render authentication screen for unauthenticated users","duration":4.112348000000111,"failureMessages":[],"meta":{},"tags":[]},{"ancestorTitles":["Index"],"fullName":"Index should handle loading states","status":"passed","title":"should handle loading states","duration":3.494018999999753,"failureMessages":[],"meta":{},"tags":[]},{"ancestorTitles":["Index"],"fullName":"Index should render main app components","status":"passed","title":"should render main app components","duration":2.74910299999965,"failureMessages":[],"meta":{},"tags":[]},{"ancestorTitles":["Index"],"fullName":"Index should handle authentication state changes","status":"passed","title":"should handle authentication state changes","duration":3.060157999999774,"failureMessages":[],"meta":{},"tags":[]}],"startTime":1775335058283,"endTime":1775335058321.06,"status":"passed","message":"","name":"/home/user/ownjournal/src/pages/__tests__/Index.test.tsx"},{"assertionResults":[{"ancestorTitles":["NotFound"],"fullName":"NotFound should render successfully","status":"passed","title":"should render successfully","duration":16.96983,"failureMessages":[],"meta":{},"tags":[]},{"ancestorTitles":["NotFound"],"fullName":"NotFound should render 404 heading","status":"passed","title":"should render 404 heading","duration":4.049457999999959,"failureMessages":[],"meta":{},"tags":[]},{"ancestorTitles":["NotFound"],"fullName":"NotFound should render error message","status":"passed","title":"should render error message","duration":3.2148839999999836,"failureMessages":[],"meta":{},"tags":[]},{"ancestorTitles":["NotFound"],"fullName":"NotFound should render return home link","status":"passed","title":"should render return home link","duration":2.521015000000034,"failureMessages":[],"meta":{},"tags":[]},{"ancestorTitles":["NotFound"],"fullName":"NotFound should render link with correct href","status":"passed","title":"should render link with correct href","duration":6.792910000000006,"failureMessages":[],"meta":{},"tags":[]},{"ancestorTitles":["NotFound"],"fullName":"NotFound should have centered layout","status":"passed","title":"should have centered layout","duration":4.152508000000012,"failureMessages":[],"meta":{},"tags":[]}],"startTime":1775335062634,"endTime":1775335062671.1526,"status":"passed","message":"","name":"/home/user/ownjournal/src/pages/__tests__/NotFound.test.tsx"},{"assertionResults":[{"ancestorTitles":["AICacheService","Cache Key Generation"],"fullName":"AICacheService Cache Key Generation should generate consistent cache keys","status":"skipped","title":"should generate consistent cache keys","failureMessages":[],"meta":{},"tags":[]},{"ancestorTitles":["AICacheService","getCached"],"fullName":"AICacheService getCached should return cached data if not expired","status":"skipped","title":"should return cached data if not expired","failureMessages":[],"meta":{},"tags":[]},{"ancestorTitles":["AICacheService","getCached"],"fullName":"AICacheService getCached should return null for expired cache","status":"skipped","title":"should return null for expired cache","failureMessages":[],"meta":{},"tags":[]},{"ancestorTitles":["AICacheService","getCached"],"fullName":"AICacheService getCached should return null if cache miss","status":"skipped","title":"should return null if cache miss","failureMessages":[],"meta":{},"tags":[]},{"ancestorTitles":["AICacheService","getCached"],"fullName":"AICacheService getCached should handle errors gracefully","status":"skipped","title":"should handle errors gracefully","failureMessages":[],"meta":{},"tags":[]},{"ancestorTitles":["AICacheService","setCached"],"fullName":"AICacheService setCached should store analysis result","status":"skipped","title":"should store analysis result","failureMessages":[],"meta":{},"tags":[]},{"ancestorTitles":["AICacheService","setCached"],"fullName":"AICacheService setCached should handle storage errors gracefully","status":"skipped","title":"should handle storage errors gracefully","failureMessages":[],"meta":{},"tags":[]},{"ancestorTitles":["AICacheService","clearExpired"],"fullName":"AICacheService clearExpired should clear expired cache entries","status":"skipped","title":"should clear expired cache entries","failureMessages":[],"meta":{},"tags":[]},{"ancestorTitles":["AICacheService","clearAll"],"fullName":"AICacheService clearAll should clear all cache entries","status":"skipped","title":"should clear all cache entries","failureMessages":[],"meta":{},"tags":[]},{"ancestorTitles":["AICacheService","clearAll"],"fullName":"AICacheService clearAll should handle clear errors","status":"skipped","title":"should handle clear errors","failureMessages":[],"meta":{},"tags":[]},{"ancestorTitles":["AICacheService","getCacheStats"],"fullName":"AICacheService getCacheStats should return cache statistics","status":"skipped","title":"should return cache statistics","failureMessages":[],"meta":{},"tags":[]}],"startTime":1775335043099,"endTime":1775335043099,"status":"passed","message":"","name":"/home/user/ownjournal/src/services/__tests__/aiCacheService.test.ts"},{"assertionResults":[{"ancestorTitles":["AIPreloader","Status Management"],"fullName":"AIPreloader Status Management should start with idle status","status":"passed","title":"should start with idle status","duration":1.7099829999999656,"failureMessages":[],"meta":{},"tags":[]},{"ancestorTitles":["AIPreloader","Status Management"],"fullName":"AIPreloader Status Management should return current progress","status":"passed","title":"should return current progress","duration":0.23956699999996545,"failureMessages":[],"meta":{},"tags":[]},{"ancestorTitles":["AIPreloader","Status Management"],"fullName":"AIPreloader Status Management should return status message","status":"passed","title":"should return status message","duration":0.45192599999995764,"failureMessages":[],"meta":{},"tags":[]},{"ancestorTitles":["AIPreloader","Status Management"],"fullName":"AIPreloader Status Management should return download metrics","status":"passed","title":"should return download metrics","duration":0.3883660000000191,"failureMessages":[],"meta":{},"tags":[]},{"ancestorTitles":["AIPreloader","Subscribe/Unsubscribe"],"fullName":"AIPreloader Subscribe/Unsubscribe should notify subscriber immediately on subscribe","status":"passed","title":"should notify subscriber immediately on subscribe","duration":1.93769199999997,"failureMessages":[],"meta":{},"tags":[]},{"ancestorTitles":["AIPreloader","Subscribe/Unsubscribe"],"fullName":"AIPreloader Subscribe/Unsubscribe should notify multiple subscribers","status":"passed","title":"should notify multiple subscribers","duration":0.3719140000000607,"failureMessages":[],"meta":{},"tags":[]},{"ancestorTitles":["AIPreloader","Subscribe/Unsubscribe"],"fullName":"AIPreloader Subscribe/Unsubscribe should unsubscribe correctly","status":"passed","title":"should unsubscribe correctly","duration":0.3715829999999869,"failureMessages":[],"meta":{},"tags":[]},{"ancestorTitles":["AIPreloader","startPreload"],"fullName":"AIPreloader startPreload should skip preload if not in local mode","status":"passed","title":"should skip preload if not in local mode","duration":0.26378299999998944,"failureMessages":[],"meta":{},"tags":[]},{"ancestorTitles":["AIPreloader","startPreload"],"fullName":"AIPreloader startPreload should skip if models already cached","status":"passed","title":"should skip if models already cached","duration":0.46688799999992625,"failureMessages":[],"meta":{},"tags":[]},{"ancestorTitles":["AIPreloader","startPreload"],"fullName":"AIPreloader startPreload should initialize models when not cached","status":"passed","title":"should initialize models when not cached","duration":0.40289500000005773,"failureMessages":[],"meta":{},"tags":[]},{"ancestorTitles":["AIPreloader","startPreload"],"fullName":"AIPreloader startPreload should handle initialization errors","status":"passed","title":"should handle initialization errors","duration":3.6221669999999904,"failureMessages":[],"meta":{},"tags":[]},{"ancestorTitles":["AIPreloader","startPreload"],"fullName":"AIPreloader startPreload should be idempotent when preloadPromise is already set","status":"passed","title":"should be idempotent when preloadPromise is already set","duration":0.31008699999995315,"failureMessages":[],"meta":{},"tags":[]},{"ancestorTitles":["AIPreloader","startPreload"],"fullName":"AIPreloader startPreload should skip if already ready","status":"passed","title":"should skip if already ready","duration":0.16070300000001225,"failureMessages":[],"meta":{},"tags":[]},{"ancestorTitles":["AIPreloader","Progress Tracking"],"fullName":"AIPreloader Progress Tracking should update progress during initialization","status":"passed","title":"should update progress during initialization","duration":0.6720380000000432,"failureMessages":[],"meta":{},"tags":[]},{"ancestorTitles":["AIPreloader","Progress Tracking"],"fullName":"AIPreloader Progress Tracking should calculate download metrics","status":"passed","title":"should calculate download metrics","duration":0.2969510000000355,"failureMessages":[],"meta":{},"tags":[]},{"ancestorTitles":["AIPreloader","Error Handling"],"fullName":"AIPreloader Error Handling should set error status on failure","status":"passed","title":"should set error status on failure","duration":1.4256530000000112,"failureMessages":[],"meta":{},"tags":[]},{"ancestorTitles":["AIPreloader","Error Handling"],"fullName":"AIPreloader Error Handling should allow retry after error when state is reset","status":"passed","title":"should allow retry after error when state is reset","duration":0.9811750000000075,"failureMessages":[],"meta":{},"tags":[]}],"startTime":1775335054155,"endTime":1775335054169.9812,"status":"passed","message":"","name":"/home/user/ownjournal/src/services/__tests__/aiPreloader.test.ts"},{"assertionResults":[{"ancestorTitles":["AuthService - Platform Integration","Web Platform Flow"],"fullName":"AuthService - Platform Integration Web Platform Flow should initiate OAuth flow on web platform","status":"skipped","title":"should initiate OAuth flow on web platform","failureMessages":[],"meta":{},"tags":[]},{"ancestorTitles":["AuthService - Platform Integration","Web Platform Flow"],"fullName":"AuthService - Platform Integration Web Platform Flow should handle OAuth callback on web platform","status":"skipped","title":"should handle OAuth callback on web platform","failureMessages":[],"meta":{},"tags":[]},{"ancestorTitles":["AuthService - Platform Integration","Web Platform Flow"],"fullName":"AuthService - Platform Integration Web Platform Flow should handle OAuth errors on web platform","status":"skipped","title":"should handle OAuth errors on web platform","failureMessages":[],"meta":{},"tags":[]},{"ancestorTitles":["AuthService - Platform Integration","Web Platform Flow"],"fullName":"AuthService - Platform Integration Web Platform Flow should enforce rate limiting","status":"skipped","title":"should enforce rate limiting","failureMessages":[],"meta":{},"tags":[]},{"ancestorTitles":["AuthService - Platform Integration","Capacitor Platform Flow"],"fullName":"AuthService - Platform Integration Capacitor Platform Flow should initiate OAuth flow on Capacitor platform","status":"skipped","title":"should initiate OAuth flow on Capacitor platform","failureMessages":[],"meta":{},"tags":[]},{"ancestorTitles":["AuthService - Platform Integration","Capacitor Platform Flow"],"fullName":"AuthService - Platform Integration Capacitor Platform Flow should handle user cancellation on Capacitor","status":"skipped","title":"should handle user cancellation on Capacitor","failureMessages":[],"meta":{},"tags":[]},{"ancestorTitles":["AuthService - Platform Integration","Electron Platform Flow"],"fullName":"AuthService - Platform Integration Electron Platform Flow should initiate OAuth flow on Electron platform","status":"skipped","title":"should initiate OAuth flow on Electron platform","failureMessages":[],"meta":{},"tags":[]},{"ancestorTitles":["AuthService - Platform Integration","Electron Platform Flow"],"fullName":"AuthService - Platform Integration Electron Platform Flow should handle Electron IPC errors","status":"skipped","title":"should handle Electron IPC errors","failureMessages":[],"meta":{},"tags":[]},{"ancestorTitles":["AuthService - Platform Integration","Cross-Platform Token Exchange"],"fullName":"AuthService - Platform Integration Cross-Platform Token Exchange should successfully exchange authorization code for tokens","status":"skipped","title":"should successfully exchange authorization code for tokens","failureMessages":[],"meta":{},"tags":[]},{"ancestorTitles":["AuthService - Platform Integration","Cross-Platform Token Exchange"],"fullName":"AuthService - Platform Integration Cross-Platform Token Exchange should handle token exchange errors","status":"skipped","title":"should handle token exchange errors","failureMessages":[],"meta":{},"tags":[]},{"ancestorTitles":["AuthService - Platform Integration","Cross-Platform Token Exchange"],"fullName":"AuthService - Platform Integration Cross-Platform Token Exchange should handle network errors during token exchange","status":"skipped","title":"should handle network errors during token exchange","failureMessages":[],"meta":{},"tags":[]},{"ancestorTitles":["AuthService - Platform Integration","PKCE Flow"],"fullName":"AuthService - Platform Integration PKCE Flow should use PKCE parameters in authorization URL","status":"skipped","title":"should use PKCE parameters in authorization URL","failureMessages":[],"meta":{},"tags":[]},{"ancestorTitles":["AuthService - Platform Integration","PKCE Flow"],"fullName":"AuthService - Platform Integration PKCE Flow should validate state parameter in callback","status":"skipped","title":"should validate state parameter in callback","failureMessages":[],"meta":{},"tags":[]}],"startTime":1775335043099,"endTime":1775335043099,"status":"passed","message":"","name":"/home/user/ownjournal/src/services/__tests__/authService.integration.test.ts"},{"assertionResults":[{"ancestorTitles":["CloudStorageService - Integration","Provider Discovery"],"fullName":"CloudStorageService - Integration Provider Discovery should discover all connected providers","status":"passed","title":"should discover all connected providers","duration":3.193636999999967,"failureMessages":[],"meta":{},"tags":[]},{"ancestorTitles":["CloudStorageService - Integration","Provider Discovery"],"fullName":"CloudStorageService - Integration Provider Discovery should filter out disconnected providers","status":"passed","title":"should filter out disconnected providers","duration":0.5846470000000181,"failureMessages":[],"meta":{},"tags":[]},{"ancestorTitles":["CloudStorageService - Integration","Provider Discovery"],"fullName":"CloudStorageService - Integration Provider Discovery should handle no connected providers","status":"passed","title":"should handle no connected providers","duration":0.476709000000028,"failureMessages":[],"meta":{},"tags":[]},{"ancestorTitles":["CloudStorageService - Integration","Provider Discovery"],"fullName":"CloudStorageService - Integration Provider Discovery should return cached provider names","status":"passed","title":"should return cached provider names","duration":0.5068619999999555,"failureMessages":[],"meta":{},"tags":[]},{"ancestorTitles":["CloudStorageService - Integration","Upload Operations"],"fullName":"CloudStorageService - Integration Upload Operations should upload to primary provider","status":"passed","title":"should upload to primary provider","duration":1.7038649999999507,"failureMessages":[],"meta":{},"tags":[]},{"ancestorTitles":["CloudStorageService - Integration","Upload Operations"],"fullName":"CloudStorageService - Integration Upload Operations should normalize paths before uploading","status":"passed","title":"should normalize paths before uploading","duration":0.5505460000000539,"failureMessages":[],"meta":{},"tags":[]},{"ancestorTitles":["CloudStorageService - Integration","Upload Operations"],"fullName":"CloudStorageService - Integration Upload Operations should handle upload failures","status":"passed","title":"should handle upload failures","duration":7.07172700000001,"failureMessages":[],"meta":{},"tags":[]},{"ancestorTitles":["CloudStorageService - Integration","Upload Operations"],"fullName":"CloudStorageService - Integration Upload Operations should throw error if no providers are connected","status":"passed","title":"should throw error if no providers are connected","duration":1.0075309999999718,"failureMessages":[],"meta":{},"tags":[]},{"ancestorTitles":["CloudStorageService - Integration","Upload Operations"],"fullName":"CloudStorageService - Integration Upload Operations should queue upload when rate limit is active","status":"passed","title":"should queue upload when rate limit is active","duration":1.1369979999999487,"failureMessages":[],"meta":{},"tags":[]},{"ancestorTitles":["CloudStorageService - Integration","Download Operations"],"fullName":"CloudStorageService - Integration Download Operations should download from primary provider","status":"passed","title":"should download from primary provider","duration":0.7834599999999909,"failureMessages":[],"meta":{},"tags":[]},{"ancestorTitles":["CloudStorageService - Integration","Download Operations"],"fullName":"CloudStorageService - Integration Download Operations should normalize paths before downloading","status":"passed","title":"should normalize paths before downloading","duration":0.4052790000000641,"failureMessages":[],"meta":{},"tags":[]},{"ancestorTitles":["CloudStorageService - Integration","Download Operations"],"fullName":"CloudStorageService - Integration Download Operations should handle download failures","status":"passed","title":"should handle download failures","duration":0.4625310000000127,"failureMessages":[],"meta":{},"tags":[]},{"ancestorTitles":["CloudStorageService - Integration","Download Operations"],"fullName":"CloudStorageService - Integration Download Operations should return null when no providers are connected","status":"passed","title":"should return null when no providers are connected","duration":0.30878999999993084,"failureMessages":[],"meta":{},"tags":[]},{"ancestorTitles":["CloudStorageService - Integration","List Operations"],"fullName":"CloudStorageService - Integration List Operations should list files from primary provider","status":"passed","title":"should list files from primary provider","duration":0.8845460000000003,"failureMessages":[],"meta":{},"tags":[]},{"ancestorTitles":["CloudStorageService - Integration","List Operations"],"fullName":"CloudStorageService - Integration List Operations should normalize paths before listing","status":"passed","title":"should normalize paths before listing","duration":0.8349390000000767,"failureMessages":[],"meta":{},"tags":[]},{"ancestorTitles":["CloudStorageService - Integration","List Operations"],"fullName":"CloudStorageService - Integration List Operations should return empty array when no provider connected","status":"passed","title":"should return empty array when no provider connected","duration":201.352931,"failureMessages":[],"meta":{},"tags":[]},{"ancestorTitles":["CloudStorageService - Integration","Delete Operations"],"fullName":"CloudStorageService - Integration Delete Operations should delete from primary provider","status":"passed","title":"should delete from primary provider","duration":0.6209590000000844,"failureMessages":[],"meta":{},"tags":[]},{"ancestorTitles":["CloudStorageService - Integration","Delete Operations"],"fullName":"CloudStorageService - Integration Delete Operations should normalize paths before deleting","status":"passed","title":"should normalize paths before deleting","duration":0.41443500000002587,"failureMessages":[],"meta":{},"tags":[]},{"ancestorTitles":["CloudStorageService - Integration","Delete Operations"],"fullName":"CloudStorageService - Integration Delete Operations should handle delete failures gracefully","status":"passed","title":"should handle delete failures gracefully","duration":1.136427000000026,"failureMessages":[],"meta":{},"tags":[]},{"ancestorTitles":["CloudStorageService - Integration","Existence Check"],"fullName":"CloudStorageService - Integration Existence Check should check if file exists on primary provider","status":"passed","title":"should check if file exists on primary provider","duration":0.7079099999999698,"failureMessages":[],"meta":{},"tags":[]},{"ancestorTitles":["CloudStorageService - Integration","Existence Check"],"fullName":"CloudStorageService - Integration Existence Check should return false if file does not exist","status":"passed","title":"should return false if file does not exist","duration":0.680372000000034,"failureMessages":[],"meta":{},"tags":[]},{"ancestorTitles":["CloudStorageService - Integration","Existence Check"],"fullName":"CloudStorageService - Integration Existence Check should return false when no provider connected","status":"passed","title":"should return false when no provider connected","duration":0.5817429999999604,"failureMessages":[],"meta":{},"tags":[]},{"ancestorTitles":["CloudStorageService - Integration","Path Normalization"],"fullName":"CloudStorageService - Integration Path Normalization should handle various path formats","status":"passed","title":"should handle various path formats","duration":1.9953040000000328,"failureMessages":[],"meta":{},"tags":[]},{"ancestorTitles":["CloudStorageService - Integration","Queue Status"],"fullName":"CloudStorageService - Integration Queue Status should return queue size","status":"passed","title":"should return queue size","duration":0.8929089999999178,"failureMessages":[],"meta":{},"tags":[]},{"ancestorTitles":["CloudStorageService - Integration","Queue Status"],"fullName":"CloudStorageService - Integration Queue Status should return pending files","status":"passed","title":"should return pending files","duration":0.3921129999999948,"failureMessages":[],"meta":{},"tags":[]}],"startTime":1775335049745,"endTime":1775335049974.392,"status":"passed","message":"","name":"/home/user/ownjournal/src/services/__tests__/cloudStorageService.integration.test.ts"},{"assertionResults":[{"ancestorTitles":["Conflict Resolution Integration Tests","Version Vector Conflict Detection"],"fullName":"Conflict Resolution Integration Tests Version Vector Conflict Detection should detect concurrent edits from two devices","status":"passed","title":"should detect concurrent edits from two devices","duration":1.4986149999999725,"failureMessages":[],"meta":{},"tags":[]},{"ancestorTitles":["Conflict Resolution Integration Tests","Version Vector Conflict Detection"],"fullName":"Conflict Resolution Integration Tests Version Vector Conflict Detection should not detect conflict when remote is ahead","status":"passed","title":"should not detect conflict when remote is ahead","duration":0.19135999999991782,"failureMessages":[],"meta":{},"tags":[]},{"ancestorTitles":["Conflict Resolution Integration Tests","Version Vector Conflict Detection"],"fullName":"Conflict Resolution Integration Tests Version Vector Conflict Detection should not detect conflict when local is ahead","status":"passed","title":"should not detect conflict when local is ahead","duration":0.13126899999997477,"failureMessages":[],"meta":{},"tags":[]},{"ancestorTitles":["Conflict Resolution Integration Tests","Version Vector Conflict Detection"],"fullName":"Conflict Resolution Integration Tests Version Vector Conflict Detection should not detect conflict on first sync","status":"passed","title":"should not detect conflict on first sync","duration":0.17735399999992296,"failureMessages":[],"meta":{},"tags":[]},{"ancestorTitles":["Conflict Resolution Integration Tests","Version Vector Conflict Detection"],"fullName":"Conflict Resolution Integration Tests Version Vector Conflict Detection should detect three-way conflict","status":"passed","title":"should detect three-way conflict","duration":0.18452100000001792,"failureMessages":[],"meta":{},"tags":[]},{"ancestorTitles":["Conflict Resolution Integration Tests","Version Vector Merging"],"fullName":"Conflict Resolution Integration Tests Version Vector Merging should merge version vectors from two devices","status":"passed","title":"should merge version vectors from two devices","duration":0.6271749999999656,"failureMessages":[],"meta":{},"tags":[]},{"ancestorTitles":["Conflict Resolution Integration Tests","Version Vector Merging"],"fullName":"Conflict Resolution Integration Tests Version Vector Merging should preserve all device entries when merging","status":"passed","title":"should preserve all device entries when merging","duration":0.9972460000000183,"failureMessages":[],"meta":{},"tags":[]},{"ancestorTitles":["Conflict Resolution Integration Tests","Version Vector Merging"],"fullName":"Conflict Resolution Integration Tests Version Vector Merging should handle empty version vectors","status":"passed","title":"should handle empty version vectors","duration":0.17799800000000232,"failureMessages":[],"meta":{},"tags":[]},{"ancestorTitles":["Conflict Resolution Integration Tests","Last-Write-Wins (LWW) Resolution"],"fullName":"Conflict Resolution Integration Tests Last-Write-Wins (LWW) Resolution should choose newer timestamp","status":"passed","title":"should choose newer timestamp","duration":0.44469500000002427,"failureMessages":[],"meta":{},"tags":[]},{"ancestorTitles":["Conflict Resolution Integration Tests","Last-Write-Wins (LWW) Resolution"],"fullName":"Conflict Resolution Integration Tests Last-Write-Wins (LWW) Resolution should use device ID as tiebreaker","status":"passed","title":"should use device ID as tiebreaker","duration":0.20057700000006662,"failureMessages":[],"meta":{},"tags":[]},{"ancestorTitles":["Conflict Resolution Integration Tests","Last-Write-Wins (LWW) Resolution"],"fullName":"Conflict Resolution Integration Tests Last-Write-Wins (LWW) Resolution should handle millisecond precision timestamps","status":"passed","title":"should handle millisecond precision timestamps","duration":0.14949599999999919,"failureMessages":[],"meta":{},"tags":[]},{"ancestorTitles":["Conflict Resolution Integration Tests","Last-Write-Wins (LWW) Resolution"],"fullName":"Conflict Resolution Integration Tests Last-Write-Wins (LWW) Resolution should be deterministic with same inputs","status":"passed","title":"should be deterministic with same inputs","duration":0.09042100000010578,"failureMessages":[],"meta":{},"tags":[]},{"ancestorTitles":["Conflict Resolution Integration Tests","Conflict Scenarios"],"fullName":"Conflict Resolution Integration Tests Conflict Scenarios should handle rapid successive edits","status":"passed","title":"should handle rapid successive edits","duration":0.10601500000007036,"failureMessages":[],"meta":{},"tags":[]},{"ancestorTitles":["Conflict Resolution Integration Tests","Conflict Scenarios"],"fullName":"Conflict Resolution Integration Tests Conflict Scenarios should handle offline editing and sync","status":"passed","title":"should handle offline editing and sync","duration":0.1327640000000656,"failureMessages":[],"meta":{},"tags":[]},{"ancestorTitles":["Conflict Resolution Integration Tests","Conflict Scenarios"],"fullName":"Conflict Resolution Integration Tests Conflict Scenarios should handle deleted entry conflict","status":"passed","title":"should handle deleted entry conflict","duration":0.055099999999924876,"failureMessages":[],"meta":{},"tags":[]},{"ancestorTitles":["Conflict Resolution Integration Tests","Conflict Scenarios"],"fullName":"Conflict Resolution Integration Tests Conflict Scenarios should handle same edit on multiple devices","status":"passed","title":"should handle same edit on multiple devices","duration":0.11094499999990148,"failureMessages":[],"meta":{},"tags":[]},{"ancestorTitles":["Conflict Resolution Integration Tests","Conflict Scenarios"],"fullName":"Conflict Resolution Integration Tests Conflict Scenarios should handle cascading conflicts","status":"passed","title":"should handle cascading conflicts","duration":0.1258739999999534,"failureMessages":[],"meta":{},"tags":[]},{"ancestorTitles":["Conflict Resolution Integration Tests","Performance and Scale"],"fullName":"Conflict Resolution Integration Tests Performance and Scale should handle large version vectors efficiently","status":"passed","title":"should handle large version vectors efficiently","duration":0.3135869999999841,"failureMessages":[],"meta":{},"tags":[]},{"ancestorTitles":["Conflict Resolution Integration Tests","Performance and Scale"],"fullName":"Conflict Resolution Integration Tests Performance and Scale should merge large vectors efficiently","status":"passed","title":"should merge large vectors efficiently","duration":4.914417000000071,"failureMessages":[],"meta":{},"tags":[]}],"startTime":1775335047226,"endTime":1775335047236.9143,"status":"passed","message":"","name":"/home/user/ownjournal/src/services/__tests__/conflictResolution.integration.test.ts"},{"assertionResults":[{"ancestorTitles":["ConnectionMonitor - Integration","Singleton Pattern"],"fullName":"ConnectionMonitor - Integration Singleton Pattern should return the same instance","status":"passed","title":"should return the same instance","duration":1.5952649999999267,"failureMessages":[],"meta":{},"tags":[]},{"ancestorTitles":["ConnectionMonitor - Integration","Singleton Pattern"],"fullName":"ConnectionMonitor - Integration Singleton Pattern should use the exported singleton instance","status":"passed","title":"should use the exported singleton instance","duration":0.21747300000004088,"failureMessages":[],"meta":{},"tags":[]},{"ancestorTitles":["ConnectionMonitor - Integration","Success Tracking"],"fullName":"ConnectionMonitor - Integration Success Tracking should record successful operations","status":"passed","title":"should record successful operations","duration":0.39281400000004396,"failureMessages":[],"meta":{},"tags":[]},{"ancestorTitles":["ConnectionMonitor - Integration","Success Tracking"],"fullName":"ConnectionMonitor - Integration Success Tracking should reset failure count on success","status":"passed","title":"should reset failure count on success","duration":0.2783640000000105,"failureMessages":[],"meta":{},"tags":[]},{"ancestorTitles":["ConnectionMonitor - Integration","Success Tracking"],"fullName":"ConnectionMonitor - Integration Success Tracking should update last success timestamp","status":"passed","title":"should update last success timestamp","duration":0.3230740000000196,"failureMessages":[],"meta":{},"tags":[]},{"ancestorTitles":["ConnectionMonitor - Integration","Failure Tracking"],"fullName":"ConnectionMonitor - Integration Failure Tracking should record failed operations","status":"passed","title":"should record failed operations","duration":0.17273099999999886,"failureMessages":[],"meta":{},"tags":[]},{"ancestorTitles":["ConnectionMonitor - Integration","Failure Tracking"],"fullName":"ConnectionMonitor - Integration Failure Tracking should increment consecutive failure count","status":"passed","title":"should increment consecutive failure count","duration":0.8633350000000064,"failureMessages":[],"meta":{},"tags":[]},{"ancestorTitles":["ConnectionMonitor - Integration","Failure Tracking"],"fullName":"ConnectionMonitor - Integration Failure Tracking should mark as unhealthy after threshold failures","status":"passed","title":"should mark as unhealthy after threshold failures","duration":0.3354829999999538,"failureMessages":[],"meta":{},"tags":[]},{"ancestorTitles":["ConnectionMonitor - Integration","Failure Tracking"],"fullName":"ConnectionMonitor - Integration Failure Tracking should warn in development mode after threshold failures","status":"passed","title":"should warn in development mode after threshold failures","duration":2.2241980000000012,"failureMessages":[],"meta":{},"tags":[]},{"ancestorTitles":["ConnectionMonitor - Integration","Health Status"],"fullName":"ConnectionMonitor - Integration Health Status should return healthy status for new providers","status":"passed","title":"should return healthy status for new providers","duration":0.25982599999997547,"failureMessages":[],"meta":{},"tags":[]},{"ancestorTitles":["ConnectionMonitor - Integration","Health Status"],"fullName":"ConnectionMonitor - Integration Health Status should track health across multiple providers independently","status":"passed","title":"should track health across multiple providers independently","duration":0.41583200000002307,"failureMessages":[],"meta":{},"tags":[]},{"ancestorTitles":["ConnectionMonitor - Integration","Health Status"],"fullName":"ConnectionMonitor - Integration Health Status should return all provider health statuses","status":"passed","title":"should return all provider health statuses","duration":0.7630450000000337,"failureMessages":[],"meta":{},"tags":[]},{"ancestorTitles":["ConnectionMonitor - Integration","Reset Functionality"],"fullName":"ConnectionMonitor - Integration Reset Functionality should reset provider health","status":"passed","title":"should reset provider health","duration":0.17451699999992343,"failureMessages":[],"meta":{},"tags":[]},{"ancestorTitles":["ConnectionMonitor - Integration","Reset Functionality"],"fullName":"ConnectionMonitor - Integration Reset Functionality should allow fresh tracking after reset","status":"passed","title":"should allow fresh tracking after reset","duration":0.16374399999995148,"failureMessages":[],"meta":{},"tags":[]},{"ancestorTitles":["ConnectionMonitor - Integration","Real-World Scenarios"],"fullName":"ConnectionMonitor - Integration Real-World Scenarios should handle intermittent failures gracefully","status":"passed","title":"should handle intermittent failures gracefully","duration":0.16960900000003676,"failureMessages":[],"meta":{},"tags":[]},{"ancestorTitles":["ConnectionMonitor - Integration","Real-World Scenarios"],"fullName":"ConnectionMonitor - Integration Real-World Scenarios should detect prolonged outages","status":"passed","title":"should detect prolonged outages","duration":0.6945000000000618,"failureMessages":[],"meta":{},"tags":[]},{"ancestorTitles":["ConnectionMonitor - Integration","Real-World Scenarios"],"fullName":"ConnectionMonitor - Integration Real-World Scenarios should recover from outages","status":"passed","title":"should recover from outages","duration":0.26019799999994575,"failureMessages":[],"meta":{},"tags":[]},{"ancestorTitles":["ConnectionMonitor - Integration","Real-World Scenarios"],"fullName":"ConnectionMonitor - Integration Real-World Scenarios should track different provider health simultaneously","status":"passed","title":"should track different provider health simultaneously","duration":0.22127399999999398,"failureMessages":[],"meta":{},"tags":[]},{"ancestorTitles":["ConnectionMonitor - Integration","Performance"],"fullName":"ConnectionMonitor - Integration Performance should handle rapid successive calls efficiently","status":"passed","title":"should handle rapid successive calls efficiently","duration":0.2864629999999124,"failureMessages":[],"meta":{},"tags":[]},{"ancestorTitles":["ConnectionMonitor - Integration","Performance"],"fullName":"ConnectionMonitor - Integration Performance should handle many providers without performance degradation","status":"passed","title":"should handle many providers without performance degradation","duration":0.16834700000003977,"failureMessages":[],"meta":{},"tags":[]},{"ancestorTitles":["ConnectionMonitor - Integration","Edge Cases"],"fullName":"ConnectionMonitor - Integration Edge Cases should handle undefined provider names","status":"passed","title":"should handle undefined provider names","duration":0.09361999999998716,"failureMessages":[],"meta":{},"tags":[]},{"ancestorTitles":["ConnectionMonitor - Integration","Edge Cases"],"fullName":"ConnectionMonitor - Integration Edge Cases should handle rapid success/failure toggles","status":"passed","title":"should handle rapid success/failure toggles","duration":0.07756100000005972,"failureMessages":[],"meta":{},"tags":[]},{"ancestorTitles":["ConnectionMonitor - Integration","Edge Cases"],"fullName":"ConnectionMonitor - Integration Edge Cases should maintain separate state for similar provider names","status":"passed","title":"should maintain separate state for similar provider names","duration":0.07059800000001815,"failureMessages":[],"meta":{},"tags":[]},{"ancestorTitles":["ConnectionMonitor - Integration","Integration with Cloud Operations"],"fullName":"ConnectionMonitor - Integration Integration with Cloud Operations should track health during upload operations","status":"passed","title":"should track health during upload operations","duration":0.34159299999998893,"failureMessages":[],"meta":{},"tags":[]}],"startTime":1775335049630,"endTime":1775335049641.3416,"status":"passed","message":"","name":"/home/user/ownjournal/src/services/__tests__/connectionMonitor.integration.test.ts"},{"assertionResults":[{"ancestorTitles":["DropboxService","connect"],"fullName":"DropboxService connect should connect with valid credentials","status":"passed","title":"should connect with valid credentials","duration":1.8762289999999666,"failureMessages":[],"meta":{},"tags":[]},{"ancestorTitles":["DropboxService","disconnect"],"fullName":"DropboxService disconnect should disconnect and clear credentials","status":"passed","title":"should disconnect and clear credentials","duration":0.4561199999999417,"failureMessages":[],"meta":{},"tags":[]},{"ancestorTitles":["DropboxService","token refresh"],"fullName":"DropboxService token refresh should refresh token when expired","status":"passed","title":"should refresh token when expired","duration":3.3724580000000515,"failureMessages":[],"meta":{},"tags":[]},{"ancestorTitles":["DropboxService","token refresh"],"fullName":"DropboxService token refresh should handle refresh token failure","status":"passed","title":"should handle refresh token failure","duration":1.8708090000000084,"failureMessages":[],"meta":{},"tags":[]},{"ancestorTitles":["DropboxService","token refresh"],"fullName":"DropboxService token refresh should handle concurrent refresh requests","status":"passed","title":"should handle concurrent refresh requests","duration":50.12606900000003,"failureMessages":[],"meta":{},"tags":[]},{"ancestorTitles":["DropboxService","upload"],"fullName":"DropboxService upload should upload file successfully","status":"passed","title":"should upload file successfully","duration":151.82861000000003,"failureMessages":[],"meta":{},"tags":[]},{"ancestorTitles":["DropboxService","upload"],"fullName":"DropboxService upload should handle upload errors","status":"passed","title":"should handle upload errors","duration":150.01349400000004,"failureMessages":[],"meta":{},"tags":[]},{"ancestorTitles":["DropboxService","download"],"fullName":"DropboxService download should download file successfully","status":"passed","title":"should download file successfully","duration":0.8097669999999653,"failureMessages":[],"meta":{},"tags":[]},{"ancestorTitles":["DropboxService","download"],"fullName":"DropboxService download should return null for non-existent file","status":"passed","title":"should return null for non-existent file","duration":1.099109999999996,"failureMessages":[],"meta":{},"tags":[]},{"ancestorTitles":["DropboxService","401 handling"],"fullName":"DropboxService 401 handling should refresh token on 401 and retry","status":"passed","title":"should refresh token on 401 and retry","duration":0.7128339999999298,"failureMessages":[],"meta":{},"tags":[]},{"ancestorTitles":["DropboxService","listFiles"],"fullName":"DropboxService listFiles should list files successfully","status":"passed","title":"should list files successfully","duration":1.1550869999999804,"failureMessages":[],"meta":{},"tags":[]},{"ancestorTitles":["DropboxService","listFiles"],"fullName":"DropboxService listFiles should return empty array for non-existent folder","status":"passed","title":"should return empty array for non-existent folder","duration":1.1403289999999515,"failureMessages":[],"meta":{},"tags":[]},{"ancestorTitles":["DropboxService","delete"],"fullName":"DropboxService delete should delete file successfully","status":"passed","title":"should delete file successfully","duration":0.9790649999999914,"failureMessages":[],"meta":{},"tags":[]},{"ancestorTitles":["DropboxService","delete"],"fullName":"DropboxService delete should handle delete of non-existent file","status":"passed","title":"should handle delete of non-existent file","duration":0.4442540000000008,"failureMessages":[],"meta":{},"tags":[]},{"ancestorTitles":["DropboxService","exists"],"fullName":"DropboxService exists should return true for existing file","status":"passed","title":"should return true for existing file","duration":0.3851159999999254,"failureMessages":[],"meta":{},"tags":[]},{"ancestorTitles":["DropboxService","exists"],"fullName":"DropboxService exists should return false for non-existent file","status":"passed","title":"should return false for non-existent file","duration":0.4191409999999678,"failureMessages":[],"meta":{},"tags":[]},{"ancestorTitles":["DropboxService","exists"],"fullName":"DropboxService exists should return false on error","status":"passed","title":"should return false on error","duration":0.732799,"failureMessages":[],"meta":{},"tags":[]}],"startTime":1775335046920,"endTime":1775335047288.733,"status":"passed","message":"","name":"/home/user/ownjournal/src/services/__tests__/dropboxService.test.ts"},{"assertionResults":[{"ancestorTitles":["GoogleDriveService","connect"],"fullName":"GoogleDriveService connect should connect with valid credentials","status":"passed","title":"should connect with valid credentials","duration":2.674229999999966,"failureMessages":[],"meta":{},"tags":[]},{"ancestorTitles":["GoogleDriveService","disconnect"],"fullName":"GoogleDriveService disconnect should disconnect and clear credentials","status":"passed","title":"should disconnect and clear credentials","duration":0.6916420000000016,"failureMessages":[],"meta":{},"tags":[]},{"ancestorTitles":["GoogleDriveService","token refresh"],"fullName":"GoogleDriveService token refresh should refresh token when expired","status":"passed","title":"should refresh token when expired","duration":4.288695000000075,"failureMessages":[],"meta":{},"tags":[]},{"ancestorTitles":["GoogleDriveService","token refresh"],"fullName":"GoogleDriveService token refresh should handle refresh token failure","status":"passed","title":"should handle refresh token failure","duration":2.212812999999983,"failureMessages":[],"meta":{},"tags":[]},{"ancestorTitles":["GoogleDriveService","token refresh"],"fullName":"GoogleDriveService token refresh should not refresh if token is still valid","status":"passed","title":"should not refresh if token is still valid","duration":0.9760240000000522,"failureMessages":[],"meta":{},"tags":[]},{"ancestorTitles":["GoogleDriveService","token refresh"],"fullName":"GoogleDriveService token refresh should handle concurrent refresh requests","status":"passed","title":"should handle concurrent refresh requests","duration":51.43579399999999,"failureMessages":[],"meta":{},"tags":[]},{"ancestorTitles":["GoogleDriveService","upload"],"fullName":"GoogleDriveService upload should upload file successfully","status":"passed","title":"should upload file successfully","duration":101.77359999999999,"failureMessages":[],"meta":{},"tags":[]},{"ancestorTitles":["GoogleDriveService","upload"],"fullName":"GoogleDriveService upload should handle upload errors","status":"passed","title":"should handle upload errors","duration":101.37066299999992,"failureMessages":[],"meta":{},"tags":[]},{"ancestorTitles":["GoogleDriveService","download"],"fullName":"GoogleDriveService download should download file successfully","status":"passed","title":"should download file successfully","duration":1.4640479999998206,"failureMessages":[],"meta":{},"tags":[]},{"ancestorTitles":["GoogleDriveService","download"],"fullName":"GoogleDriveService download should return null for non-existent file","status":"passed","title":"should return null for non-existent file","duration":0.5190780000000359,"failureMessages":[],"meta":{},"tags":[]},{"ancestorTitles":["GoogleDriveService","download"],"fullName":"GoogleDriveService download should handle 404 errors","status":"passed","title":"should handle 404 errors","duration":0.4379980000001069,"failureMessages":[],"meta":{},"tags":[]},{"ancestorTitles":["GoogleDriveService","401 handling"],"fullName":"GoogleDriveService 401 handling should refresh token on 401 and retry","status":"passed","title":"should refresh token on 401 and retry","duration":0.46812499999987267,"failureMessages":[],"meta":{},"tags":[]},{"ancestorTitles":["GoogleDriveService","listFiles"],"fullName":"GoogleDriveService listFiles should list files successfully","status":"passed","title":"should list files successfully","duration":4.648330999999871,"failureMessages":[],"meta":{},"tags":[]},{"ancestorTitles":["GoogleDriveService","delete"],"fullName":"GoogleDriveService delete should delete file successfully","status":"passed","title":"should delete file successfully","duration":100.94856099999993,"failureMessages":[],"meta":{},"tags":[]},{"ancestorTitles":["GoogleDriveService","delete"],"fullName":"GoogleDriveService delete should handle delete of non-existent file","status":"passed","title":"should handle delete of non-existent file","duration":100.9561990000002,"failureMessages":[],"meta":{},"tags":[]},{"ancestorTitles":["GoogleDriveService","exists"],"fullName":"GoogleDriveService exists should return true for existing file","status":"passed","title":"should return true for existing file","duration":0.47282799999993586,"failureMessages":[],"meta":{},"tags":[]},{"ancestorTitles":["GoogleDriveService","exists"],"fullName":"GoogleDriveService exists should return false for non-existent file","status":"passed","title":"should return false for non-existent file","duration":0.21623799999997573,"failureMessages":[],"meta":{},"tags":[]},{"ancestorTitles":["GoogleDriveService","exists"],"fullName":"GoogleDriveService exists should return false on error","status":"passed","title":"should return false on error","duration":0.31288400000016736,"failureMessages":[],"meta":{},"tags":[]}],"startTime":1775335045076,"endTime":1775335045553.313,"status":"passed","message":"","name":"/home/user/ownjournal/src/services/__tests__/googleDriveService.test.ts"},{"assertionResults":[{"ancestorTitles":["LocalAI","WebGPU Detection"],"fullName":"LocalAI WebGPU Detection should detect WebGPU availability","status":"skipped","title":"should detect WebGPU availability","failureMessages":[],"meta":{},"tags":[]},{"ancestorTitles":["LocalAI","WebGPU Detection"],"fullName":"LocalAI WebGPU Detection should handle missing WebGPU","status":"skipped","title":"should handle missing WebGPU","failureMessages":[],"meta":{},"tags":[]},{"ancestorTitles":["LocalAI","Model Caching"],"fullName":"LocalAI Model Caching should check if models are cached","status":"passed","title":"should check if models are cached","duration":2.7935410000000047,"failureMessages":[],"meta":{},"tags":[]},{"ancestorTitles":["LocalAI","Model Caching"],"fullName":"LocalAI Model Caching should return false if caches not available","status":"passed","title":"should return false if caches not available","duration":5.711133000000018,"failureMessages":[],"meta":{},"tags":[]},{"ancestorTitles":["LocalAI","Model Caching"],"fullName":"LocalAI Model Caching should handle cache check errors","status":"passed","title":"should handle cache check errors","duration":0.9176129999999603,"failureMessages":[],"meta":{},"tags":[]},{"ancestorTitles":["LocalAI","Clear Model Cache"],"fullName":"LocalAI Clear Model Cache should clear all caches","status":"passed","title":"should clear all caches","duration":0.8723880000000008,"failureMessages":[],"meta":{},"tags":[]},{"ancestorTitles":["LocalAI","Clear Model Cache"],"fullName":"LocalAI Clear Model Cache should handle clear errors gracefully","status":"skipped","title":"should handle clear errors gracefully","failureMessages":[],"meta":{},"tags":[]},{"ancestorTitles":["LocalAI","Initialization"],"fullName":"LocalAI Initialization should track initialization status","status":"passed","title":"should track initialization status","duration":0.3039529999999786,"failureMessages":[],"meta":{},"tags":[]},{"ancestorTitles":["LocalAI","Initialization"],"fullName":"LocalAI Initialization should not reinitialize if already initialized","status":"skipped","title":"should not reinitialize if already initialized","failureMessages":[],"meta":{},"tags":[]},{"ancestorTitles":["LocalAI","Initialization"],"fullName":"LocalAI Initialization should report progress during initialization","status":"skipped","title":"should report progress during initialization","failureMessages":[],"meta":{},"tags":[]},{"ancestorTitles":["LocalAI","Initialization"],"fullName":"LocalAI Initialization should handle initialization errors","status":"passed","title":"should handle initialization errors","duration":2.7346149999999625,"failureMessages":[],"meta":{},"tags":[]},{"ancestorTitles":["LocalAI","Initialization"],"fullName":"LocalAI Initialization should allow retry after failed initialization","status":"skipped","title":"should allow retry after failed initialization","failureMessages":[],"meta":{},"tags":[]},{"ancestorTitles":["LocalAI","Analysis Operations"],"fullName":"LocalAI Analysis Operations should analyze journal entry","status":"passed","title":"should analyze journal entry","duration":0.8730600000000095,"failureMessages":[],"meta":{},"tags":[]},{"ancestorTitles":["LocalAI","Analysis Operations"],"fullName":"LocalAI Analysis Operations should throw if not initialized","status":"passed","title":"should throw if not initialized","duration":0.4641830000000482,"failureMessages":[],"meta":{},"tags":[]},{"ancestorTitles":["LocalAI","Analysis Operations"],"fullName":"LocalAI Analysis Operations should generate title suggestions","status":"passed","title":"should generate title suggestions","duration":0.5954020000000355,"failureMessages":[],"meta":{},"tags":[]},{"ancestorTitles":["LocalAI","Analysis Operations"],"fullName":"LocalAI Analysis Operations should analyze trends with few entries","status":"passed","title":"should analyze trends with few entries","duration":0.6602090000000089,"failureMessages":[],"meta":{},"tags":[]},{"ancestorTitles":["LocalAI","Analysis Operations"],"fullName":"LocalAI Analysis Operations should handle empty entries for trends","status":"passed","title":"should handle empty entries for trends","duration":0.2395410000000311,"failureMessages":[],"meta":{},"tags":[]},{"ancestorTitles":["LocalAI","Error Handling"],"fullName":"LocalAI Error Handling should handle analysis errors gracefully","status":"passed","title":"should handle analysis errors gracefully","duration":0.9233849999999393,"failureMessages":[],"meta":{},"tags":[]},{"ancestorTitles":["LocalAI","Error Handling"],"fullName":"LocalAI Error Handling should handle sentiment classification errors","status":"passed","title":"should handle sentiment classification errors","duration":1.083052000000066,"failureMessages":[],"meta":{},"tags":[]}],"startTime":1775335051920,"endTime":1775335051939.083,"status":"passed","message":"","name":"/home/user/ownjournal/src/services/__tests__/localAI.test.ts"},{"assertionResults":[{"ancestorTitles":["NextcloudDirectService","Connection Management"],"fullName":"NextcloudDirectService Connection Management should start disconnected","status":"skipped","title":"should start disconnected","failureMessages":[],"meta":{},"tags":[]},{"ancestorTitles":["NextcloudDirectService","Connection Management"],"fullName":"NextcloudDirectService Connection Management should connect with valid config","status":"skipped","title":"should connect with valid config","failureMessages":[],"meta":{},"tags":[]},{"ancestorTitles":["NextcloudDirectService","Connection Management"],"fullName":"NextcloudDirectService Connection Management should disconnect properly","status":"skipped","title":"should disconnect properly","failureMessages":[],"meta":{},"tags":[]},{"ancestorTitles":["NextcloudDirectService","Connection Management"],"fullName":"NextcloudDirectService Connection Management should throw when performing operations while disconnected","status":"skipped","title":"should throw when performing operations while disconnected","failureMessages":[],"meta":{},"tags":[]},{"ancestorTitles":["NextcloudDirectService","Authentication"],"fullName":"NextcloudDirectService Authentication should use Basic Auth with correct encoding","status":"skipped","title":"should use Basic Auth with correct encoding","failureMessages":[],"meta":{},"tags":[]},{"ancestorTitles":["NextcloudDirectService","Authentication"],"fullName":"NextcloudDirectService Authentication should handle authentication failures","status":"skipped","title":"should handle authentication failures","failureMessages":[],"meta":{},"tags":[]},{"ancestorTitles":["NextcloudDirectService","WebDAV URL Construction"],"fullName":"NextcloudDirectService WebDAV URL Construction should construct correct WebDAV URLs","status":"skipped","title":"should construct correct WebDAV URLs","failureMessages":[],"meta":{},"tags":[]},{"ancestorTitles":["NextcloudDirectService","WebDAV URL Construction"],"fullName":"NextcloudDirectService WebDAV URL Construction should handle server URLs with trailing slashes","status":"skipped","title":"should handle server URLs with trailing slashes","failureMessages":[],"meta":{},"tags":[]},{"ancestorTitles":["NextcloudDirectService","WebDAV URL Construction"],"fullName":"NextcloudDirectService WebDAV URL Construction should handle paths with leading slashes","status":"skipped","title":"should handle paths with leading slashes","failureMessages":[],"meta":{},"tags":[]},{"ancestorTitles":["NextcloudDirectService","File Upload"],"fullName":"NextcloudDirectService File Upload should upload file successfully","status":"skipped","title":"should upload file successfully","failureMessages":[],"meta":{},"tags":[]},{"ancestorTitles":["NextcloudDirectService","File Upload"],"fullName":"NextcloudDirectService File Upload should create parent directories if needed","status":"skipped","title":"should create parent directories if needed","failureMessages":[],"meta":{},"tags":[]},{"ancestorTitles":["NextcloudDirectService","File Upload"],"fullName":"NextcloudDirectService File Upload should handle empty content","status":"skipped","title":"should handle empty content","failureMessages":[],"meta":{},"tags":[]},{"ancestorTitles":["NextcloudDirectService","File Upload"],"fullName":"NextcloudDirectService File Upload should handle large files","status":"skipped","title":"should handle large files","failureMessages":[],"meta":{},"tags":[]},{"ancestorTitles":["NextcloudDirectService","File Upload"],"fullName":"NextcloudDirectService File Upload should handle upload failures","status":"skipped","title":"should handle upload failures","failureMessages":[],"meta":{},"tags":[]},{"ancestorTitles":["NextcloudDirectService","File Upload"],"fullName":"NextcloudDirectService File Upload should detect encryption blocking errors","status":"skipped","title":"should detect encryption blocking errors","failureMessages":[],"meta":{},"tags":[]},{"ancestorTitles":["NextcloudDirectService","File Download"],"fullName":"NextcloudDirectService File Download should download file successfully","status":"skipped","title":"should download file successfully","failureMessages":[],"meta":{},"tags":[]},{"ancestorTitles":["NextcloudDirectService","File Download"],"fullName":"NextcloudDirectService File Download should return null for non-existent files","status":"skipped","title":"should return null for non-existent files","failureMessages":[],"meta":{},"tags":[]},{"ancestorTitles":["NextcloudDirectService","File Download"],"fullName":"NextcloudDirectService File Download should handle empty files","status":"skipped","title":"should handle empty files","failureMessages":[],"meta":{},"tags":[]},{"ancestorTitles":["NextcloudDirectService","File Download"],"fullName":"NextcloudDirectService File Download should handle download errors","status":"skipped","title":"should handle download errors","failureMessages":[],"meta":{},"tags":[]},{"ancestorTitles":["NextcloudDirectService","File Download"],"fullName":"NextcloudDirectService File Download should handle unicode content","status":"skipped","title":"should handle unicode content","failureMessages":[],"meta":{},"tags":[]},{"ancestorTitles":["NextcloudDirectService","File Listing"],"fullName":"NextcloudDirectService File Listing should list files successfully","status":"skipped","title":"should list files successfully","failureMessages":[],"meta":{},"tags":[]},{"ancestorTitles":["NextcloudDirectService","File Listing"],"fullName":"NextcloudDirectService File Listing should filter out directories","status":"skipped","title":"should filter out directories","failureMessages":[],"meta":{},"tags":[]},{"ancestorTitles":["NextcloudDirectService","File Listing"],"fullName":"NextcloudDirectService File Listing should return empty array for empty directory","status":"skipped","title":"should return empty array for empty directory","failureMessages":[],"meta":{},"tags":[]},{"ancestorTitles":["NextcloudDirectService","File Listing"],"fullName":"NextcloudDirectService File Listing should handle listing errors","status":"skipped","title":"should handle listing errors","failureMessages":[],"meta":{},"tags":[]},{"ancestorTitles":["NextcloudDirectService","File Listing"],"fullName":"NextcloudDirectService File Listing should parse dates correctly","status":"skipped","title":"should parse dates correctly","failureMessages":[],"meta":{},"tags":[]},{"ancestorTitles":["NextcloudDirectService","File Deletion"],"fullName":"NextcloudDirectService File Deletion should delete file successfully","status":"skipped","title":"should delete file successfully","failureMessages":[],"meta":{},"tags":[]},{"ancestorTitles":["NextcloudDirectService","File Deletion"],"fullName":"NextcloudDirectService File Deletion should handle deletion of non-existent files","status":"skipped","title":"should handle deletion of non-existent files","failureMessages":[],"meta":{},"tags":[]},{"ancestorTitles":["NextcloudDirectService","File Deletion"],"fullName":"NextcloudDirectService File Deletion should handle deletion errors","status":"skipped","title":"should handle deletion errors","failureMessages":[],"meta":{},"tags":[]},{"ancestorTitles":["NextcloudDirectService","File Existence Check"],"fullName":"NextcloudDirectService File Existence Check should return true for existing files","status":"skipped","title":"should return true for existing files","failureMessages":[],"meta":{},"tags":[]},{"ancestorTitles":["NextcloudDirectService","File Existence Check"],"fullName":"NextcloudDirectService File Existence Check should return false for non-existent files","status":"skipped","title":"should return false for non-existent files","failureMessages":[],"meta":{},"tags":[]},{"ancestorTitles":["NextcloudDirectService","File Existence Check"],"fullName":"NextcloudDirectService File Existence Check should handle network errors","status":"skipped","title":"should handle network errors","failureMessages":[],"meta":{},"tags":[]},{"ancestorTitles":["NextcloudDirectService","Connection Testing"],"fullName":"NextcloudDirectService Connection Testing should test connection successfully","status":"skipped","title":"should test connection successfully","failureMessages":[],"meta":{},"tags":[]},{"ancestorTitles":["NextcloudDirectService","Connection Testing"],"fullName":"NextcloudDirectService Connection Testing should detect connection failures","status":"skipped","title":"should detect connection failures","failureMessages":[],"meta":{},"tags":[]},{"ancestorTitles":["NextcloudDirectService","Connection Testing"],"fullName":"NextcloudDirectService Connection Testing should handle network timeouts","status":"skipped","title":"should handle network timeouts","failureMessages":[],"meta":{},"tags":[]},{"ancestorTitles":["NextcloudDirectService","Error Handling"],"fullName":"NextcloudDirectService Error Handling should provide meaningful error messages","status":"skipped","title":"should provide meaningful error messages","failureMessages":[],"meta":{},"tags":[]},{"ancestorTitles":["NextcloudDirectService","Error Handling"],"fullName":"NextcloudDirectService Error Handling should handle malformed XML responses","status":"skipped","title":"should handle malformed XML responses","failureMessages":[],"meta":{},"tags":[]},{"ancestorTitles":["NextcloudDirectService","Error Handling"],"fullName":"NextcloudDirectService Error Handling should handle network failures gracefully","status":"skipped","title":"should handle network failures gracefully","failureMessages":[],"meta":{},"tags":[]},{"ancestorTitles":["NextcloudDirectService","Security"],"fullName":"NextcloudDirectService Security should not expose credentials in error messages","status":"skipped","title":"should not expose credentials in error messages","failureMessages":[],"meta":{},"tags":[]},{"ancestorTitles":["NextcloudDirectService","Security"],"fullName":"NextcloudDirectService Security should use secure Basic Auth encoding","status":"skipped","title":"should use secure Basic Auth encoding","failureMessages":[],"meta":{},"tags":[]},{"ancestorTitles":["NextcloudDirectService","CloudProvider Interface Compliance"],"fullName":"NextcloudDirectService CloudProvider Interface Compliance should implement all required methods","status":"skipped","title":"should implement all required methods","failureMessages":[],"meta":{},"tags":[]},{"ancestorTitles":["NextcloudDirectService","CloudProvider Interface Compliance"],"fullName":"NextcloudDirectService CloudProvider Interface Com
[...]
ts__/SyncDiagnostics.test.tsx"},{"assertionResults":[{"ancestorTitles":["SyncHealthMonitor"],"fullName":"SyncHealthMonitor should render successfully","status":"passed","title":"should render successfully","duration":69.09869099999992,"failureMessages":[],"meta":{},"tags":[]},{"ancestorTitles":["SyncHealthMonitor"],"fullName":"SyncHealthMonitor should render health status title","status":"passed","title":"should render health status title","duration":14.587941999999885,"failureMessages":[],"meta":{},"tags":[]},{"ancestorTitles":["SyncHealthMonitor"],"fullName":"SyncHealthMonitor should render refresh button","status":"passed","title":"should render refresh button","duration":17.49535200000014,"failureMessages":[],"meta":{},"tags":[]},{"ancestorTitles":["SyncHealthMonitor"],"fullName":"SyncHealthMonitor should render health metrics","status":"passed","title":"should render health metrics","duration":11.695330999999896,"failureMessages":[],"meta":{},"tags":[]},{"ancestorTitles":["SyncHealthMonitor"],"fullName":"SyncHealthMonitor should render health score","status":"passed","title":"should render health score","duration":21.735259999999926,"failureMessages":[],"meta":{},"tags":[]},{"ancestorTitles":["SyncHealthMonitor"],"fullName":"SyncHealthMonitor should handle auto-refresh state","status":"passed","title":"should handle auto-refresh state","duration":12.698795999999902,"failureMessages":[],"meta":{},"tags":[]},{"ancestorTitles":["SyncHealthMonitor"],"fullName":"SyncHealthMonitor should calculate health metrics correctly","status":"passed","title":"should calculate health metrics correctly","duration":11.287210999999843,"failureMessages":[],"meta":{},"tags":[]}],"startTime":1775335064256,"endTime":1775335064415.287,"status":"passed","message":"","name":"/home/user/ownjournal/src/components/settings/__tests__/SyncHealthMonitor.test.tsx"},{"assertionResults":[{"ancestorTitles":["DropboxSync"],"fullName":"DropboxSync should render successfully","status":"passed","title":"should render successfully","duration":32.59170100000006,"failureMessages":[],"meta":{},"tags":[]},{"ancestorTitles":["DropboxSync"],"fullName":"DropboxSync should render with null master key","status":"passed","title":"should render with null master key","duration":5.261939999999981,"failureMessages":[],"meta":{},"tags":[]},{"ancestorTitles":["DropboxSync"],"fullName":"DropboxSync should render without optional callbacks","status":"passed","title":"should render without optional callbacks","duration":4.953620000000001,"failureMessages":[],"meta":{},"tags":[]},{"ancestorTitles":["DropboxSync"],"fullName":"DropboxSync should render connection status","status":"passed","title":"should render connection status","duration":11.648976000000062,"failureMessages":[],"meta":{},"tags":[]},{"ancestorTitles":["DropboxSync"],"fullName":"DropboxSync should render connect button when not connected","status":"passed","title":"should render connect button when not connected","duration":22.635672999999997,"failureMessages":[],"meta":{},"tags":[]},{"ancestorTitles":["DropboxSync"],"fullName":"DropboxSync should handle loading state","status":"passed","title":"should handle loading state","duration":4.39420199999995,"failureMessages":[],"meta":{},"tags":[]},{"ancestorTitles":["DropboxSync"],"fullName":"DropboxSync should render Dropbox branding","status":"passed","title":"should render Dropbox branding","duration":3.9160239999998794,"failureMessages":[],"meta":{},"tags":[]},{"ancestorTitles":["DropboxSync"],"fullName":"DropboxSync should handle token refresh requirement","status":"passed","title":"should handle token refresh requirement","duration":6.177644999999984,"failureMessages":[],"meta":{},"tags":[]}],"startTime":1775335055826,"endTime":1775335055918.1777,"status":"passed","message":"","name":"/home/user/ownjournal/src/components/storage/__tests__/DropboxSync.test.tsx"},{"assertionResults":[{"ancestorTitles":["GoogleDriveSync - Connection Flow"],"fullName":"GoogleDriveSync - Connection Flow should pass retry action when requesting password","status":"passed","title":"should pass retry action when requesting password","duration":63.90763000000004,"failureMessages":[],"meta":{},"tags":[]},{"ancestorTitles":["GoogleDriveSync - Connection Flow"],"fullName":"GoogleDriveSync - Connection Flow should initiate OAuth flow when master key is available","status":"passed","title":"should initiate OAuth flow when master key is available","duration":8.325371000000018,"failureMessages":[],"meta":{},"tags":[]},{"ancestorTitles":["GoogleDriveSync - Connection Flow"],"fullName":"GoogleDriveSync - Connection Flow should handle OAuth callback with master key available","status":"passed","title":"should handle OAuth callback with master key available","duration":10.494156000000089,"failureMessages":[],"meta":{},"tags":[]},{"ancestorTitles":["GoogleDriveSync - Connection Flow"],"fullName":"GoogleDriveSync - Connection Flow should request password when OAuth callback occurs without master key","status":"passed","title":"should request password when OAuth callback occurs without master key","duration":14.16227600000002,"failureMessages":[],"meta":{},"tags":[]},{"ancestorTitles":["GoogleDriveSync - Connection Flow"],"fullName":"GoogleDriveSync - Connection Flow should not process OAuth callback multiple times","status":"passed","title":"should not process OAuth callback multiple times","duration":212.77516500000002,"failureMessages":[],"meta":{},"tags":[]}],"startTime":1775335050901,"endTime":1775335051210.7751,"status":"passed","message":"","name":"/home/user/ownjournal/src/components/storage/__tests__/GoogleDriveSync.connection-flow.test.tsx"},{"assertionResults":[{"ancestorTitles":["GoogleDriveSync"],"fullName":"GoogleDriveSync should render successfully","status":"passed","title":"should render successfully","duration":39.185804000000076,"failureMessages":[],"meta":{},"tags":[]},{"ancestorTitles":["GoogleDriveSync"],"fullName":"GoogleDriveSync should render with null master key","status":"passed","title":"should render with null master key","duration":4.563865999999962,"failureMessages":[],"meta":{},"tags":[]},{"ancestorTitles":["GoogleDriveSync"],"fullName":"GoogleDriveSync should render without optional callbacks","status":"passed","title":"should render without optional callbacks","duration":3.8837350000000015,"failureMessages":[],"meta":{},"tags":[]},{"ancestorTitles":["GoogleDriveSync"],"fullName":"GoogleDriveSync should render connection status","status":"passed","title":"should render connection status","duration":9.498613999999975,"failureMessages":[],"meta":{},"tags":[]},{"ancestorTitles":["GoogleDriveSync"],"fullName":"GoogleDriveSync should render connect button when not connected","status":"passed","title":"should render connect button when not connected","duration":8.67451600000004,"failureMessages":[],"meta":{},"tags":[]},{"ancestorTitles":["GoogleDriveSync"],"fullName":"GoogleDriveSync should handle loading state","status":"passed","title":"should handle loading state","duration":2.453461000000061,"failureMessages":[],"meta":{},"tags":[]},{"ancestorTitles":["GoogleDriveSync"],"fullName":"GoogleDriveSync should render Google Drive branding","status":"passed","title":"should render Google Drive branding","duration":2.4458150000000387,"failureMessages":[],"meta":{},"tags":[]},{"ancestorTitles":["GoogleDriveSync"],"fullName":"GoogleDriveSync should handle token refresh requirement","status":"passed","title":"should handle token refresh requirement","duration":2.3474899999999934,"failureMessages":[],"meta":{},"tags":[]}],"startTime":1775335054041,"endTime":1775335054114.3474,"status":"passed","message":"","name":"/home/user/ownjournal/src/components/storage/__tests__/GoogleDriveSync.test.tsx"},{"assertionResults":[{"ancestorTitles":["ICloudSync"],"fullName":"ICloudSync should render successfully","status":"passed","title":"should render successfully","duration":150.53137000000004,"failureMessages":[],"meta":{},"tags":[]},{"ancestorTitles":["ICloudSync"],"fullName":"ICloudSync should show dev setup required message","status":"passed","title":"should show dev setup required message","duration":15.343631999999843,"failureMessages":[],"meta":{},"tags":[]},{"ancestorTitles":["ICloudSync"],"fullName":"ICloudSync should mention iCloud in title","status":"passed","title":"should mention iCloud in title","duration":14.836741000000075,"failureMessages":[],"meta":{},"tags":[]},{"ancestorTitles":["ICloudSync"],"fullName":"ICloudSync should show dev setup description","status":"passed","title":"should show dev setup description","duration":23.911505000000034,"failureMessages":[],"meta":{},"tags":[]},{"ancestorTitles":["ICloudSync"],"fullName":"ICloudSync should render with null master key","status":"passed","title":"should render with null master key","duration":13.127338000000009,"failureMessages":[],"meta":{},"tags":[]},{"ancestorTitles":["ICloudSync"],"fullName":"ICloudSync should render without optional callbacks","status":"passed","title":"should render without optional callbacks","duration":7.21617399999991,"failureMessages":[],"meta":{},"tags":[]}],"startTime":1775335059094,"endTime":1775335059319.216,"status":"passed","message":"","name":"/home/user/ownjournal/src/components/storage/__tests__/ICloudSync.test.tsx"},{"assertionResults":[{"ancestorTitles":["NextcloudSync - Connection Recovery"],"fullName":"NextcloudSync - Connection Recovery should maintain window binding even if isConnected temporarily becomes false","status":"passed","title":"should maintain window binding even if isConnected temporarily becomes false","duration":42.165629999999965,"failureMessages":[],"meta":{},"tags":[]},{"ancestorTitles":["NextcloudSync - Connection Recovery"],"fullName":"NextcloudSync - Connection Recovery should perform health checks periodically","status":"passed","title":"should perform health checks periodically","duration":7.644132000000013,"failureMessages":[],"meta":{},"tags":[]},{"ancestorTitles":["NextcloudSync - Connection Recovery"],"fullName":"NextcloudSync - Connection Recovery should recover connection after multiple consecutive health check failures","status":"passed","title":"should recover connection after multiple consecutive health check failures","duration":10.072100999999975,"failureMessages":[],"meta":{},"tags":[]},{"ancestorTitles":["NextcloudSync - Connection Recovery"],"fullName":"NextcloudSync - Connection Recovery should clear health checks on unmount","status":"passed","title":"should clear health checks on unmount","duration":5.17374099999995,"failureMessages":[],"meta":{},"tags":[]},{"ancestorTitles":["NextcloudSync - Connection Recovery"],"fullName":"NextcloudSync - Connection Recovery should preserve last valid config for recovery","status":"passed","title":"should preserve last valid config for recovery","duration":7.183743999999933,"failureMessages":[],"meta":{},"tags":[]}],"startTime":1775335051263,"endTime":1775335051335.1838,"status":"passed","message":"","name":"/home/user/ownjournal/src/components/storage/__tests__/NextcloudSync.connection-recovery.test.tsx"},{"assertionResults":[{"ancestorTitles":["NextcloudSync"],"fullName":"NextcloudSync should render successfully","status":"passed","title":"should render successfully","duration":30.87299699999994,"failureMessages":[],"meta":{},"tags":[]},{"ancestorTitles":["NextcloudSync"],"fullName":"NextcloudSync should render with null master key","status":"passed","title":"should render with null master key","duration":4.896549999999934,"failureMessages":[],"meta":{},"tags":[]},{"ancestorTitles":["NextcloudSync"],"fullName":"NextcloudSync should render without optional callbacks","status":"passed","title":"should render without optional callbacks","duration":6.687470000000076,"failureMessages":[],"meta":{},"tags":[]},{"ancestorTitles":["NextcloudSync"],"fullName":"NextcloudSync should render connection status","status":"passed","title":"should render connection status","duration":3.528431999999839,"failureMessages":[],"meta":{},"tags":[]},{"ancestorTitles":["NextcloudSync"],"fullName":"NextcloudSync should render connect button when not connected","status":"passed","title":"should render connect button when not connected","duration":8.187709999999925,"failureMessages":[],"meta":{},"tags":[]},{"ancestorTitles":["NextcloudSync"],"fullName":"NextcloudSync should handle loading state","status":"passed","title":"should handle loading state","duration":3.5989969999998266,"failureMessages":[],"meta":{},"tags":[]},{"ancestorTitles":["NextcloudSync"],"fullName":"NextcloudSync should render Nextcloud branding","status":"passed","title":"should render Nextcloud branding","duration":3.014131000000134,"failureMessages":[],"meta":{},"tags":[]},{"ancestorTitles":["NextcloudSync"],"fullName":"NextcloudSync should render configuration form","status":"passed","title":"should render configuration form","duration":2.9913239999998495,"failureMessages":[],"meta":{},"tags":[]},{"ancestorTitles":["NextcloudSync"],"fullName":"NextcloudSync should render CORS help section","status":"passed","title":"should render CORS help section","duration":3.893056999999999,"failureMessages":[],"meta":{},"tags":[]},{"ancestorTitles":["NextcloudSync"],"fullName":"NextcloudSync should handle validation errors","status":"passed","title":"should handle validation errors","duration":3.1762659999999414,"failureMessages":[],"meta":{},"tags":[]},{"ancestorTitles":["NextcloudSync"],"fullName":"NextcloudSync should handle password requirement on connect","status":"passed","title":"should handle password requirement on connect","duration":2.4337900000000445,"failureMessages":[],"meta":{},"tags":[]},{"ancestorTitles":["NextcloudSync"],"fullName":"NextcloudSync should verify connection with test() before marking as connected","status":"passed","title":"should verify connection with test() before marking as connected","duration":9.595649999999978,"failureMessages":[],"meta":{},"tags":[]},{"ancestorTitles":["NextcloudSync"],"fullName":"NextcloudSync should call test() after connecting even when test fails","status":"passed","title":"should call test() after connecting even when test fails","duration":6.313019000000168,"failureMessages":[],"meta":{},"tags":[]},{"ancestorTitles":["NextcloudSync"],"fullName":"NextcloudSync should create window binding only once when connected","status":"passed","title":"should create window binding only once when connected","duration":6.599403000000166,"failureMessages":[],"meta":{},"tags":[]},{"ancestorTitles":["NextcloudSync"],"fullName":"NextcloudSync should require password only when truly needed (no master key and trying to connect)","status":"passed","title":"should require password only when truly needed (no master key and trying to connect)","duration":503.249963,"failureMessages":[],"meta":{},"tags":[]},{"ancestorTitles":["NextcloudSync"],"fullName":"NextcloudSync should preserve window binding when component unmounts for background sync","status":"passed","title":"should preserve window binding when component unmounts for background sync","duration":6.068168000000014,"failureMessages":[],"meta":{},"tags":[]},{"ancestorTitles":["NextcloudSync"],"fullName":"NextcloudSync should NOT request password again after master key is provided","status":"passed","title":"should NOT request password again after master key is provided","duration":203.82773099999986,"failureMessages":[],"meta":{},"tags":[]},{"ancestorTitles":["NextcloudSync"],"fullName":"NextcloudSync should establish window binding only once when connected","status":"passed","title":"should establish window binding only once when connected","duration":102.4261220000003,"failureMessages":[],"meta":{},"tags":[]}],"startTime":1775335045693,"endTime":1775335046604.426,"status":"passed","message":"","name":"/home/user/ownjournal/src/components/storage/__tests__/NextcloudSync.test.tsx"},{"assertionResults":[{"ancestorTitles":["OAuth Race Condition Handling","GoogleDriveSync"],"fullName":"OAuth Race Condition Handling GoogleDriveSync should wait before calling onRequirePassword when OAuth callback occurs without master key","status":"skipped","title":"should wait before calling onRequirePassword when OAuth callback occurs without master key","failureMessages":[],"meta":{},"tags":[]},{"ancestorTitles":["OAuth Race Condition Handling","GoogleDriveSync"],"fullName":"OAuth Race Condition Handling GoogleDriveSync should process OAuth callback immediately when master key is already available","status":"skipped","title":"should process OAuth callback immediately when master key is already available","failureMessages":[],"meta":{},"tags":[]},{"ancestorTitles":["OAuth Race Condition Handling","GoogleDriveSync"],"fullName":"OAuth Race Condition Handling GoogleDriveSync should handle OAuth error in URL without requiring password","status":"skipped","title":"should handle OAuth error in URL without requiring password","failureMessages":[],"meta":{},"tags":[]},{"ancestorTitles":["OAuth Race Condition Handling","DropboxSync"],"fullName":"OAuth Race Condition Handling DropboxSync should wait before calling onRequirePassword when OAuth callback occurs without master key","status":"skipped","title":"should wait before calling onRequirePassword when OAuth callback occurs without master key","failureMessages":[],"meta":{},"tags":[]},{"ancestorTitles":["OAuth Race Condition Handling","DropboxSync"],"fullName":"OAuth Race Condition Handling DropboxSync should process OAuth callback when master key is available","status":"skipped","title":"should process OAuth callback when master key is available","failureMessages":[],"meta":{},"tags":[]},{"ancestorTitles":["OAuth Race Condition Handling","Race condition prevention"],"fullName":"OAuth Race Condition Handling Race condition prevention should not call onRequirePassword multiple times for the same OAuth callback","status":"skipped","title":"should not call onRequirePassword multiple times for the same OAuth callback","failureMessages":[],"meta":{},"tags":[]}],"startTime":1775335043099,"endTime":1775335043099,"status":"passed","message":"","name":"/home/user/ownjournal/src/components/storage/__tests__/OAuth-race-condition.test.tsx"},{"assertionResults":[{"ancestorTitles":["SubscriptionBanner"],"fullName":"SubscriptionBanner should render successfully for non-pro users","status":"passed","title":"should render successfully for non-pro users","duration":68.34534799999994,"failureMessages":[],"meta":{},"tags":[]},{"ancestorTitles":["SubscriptionBanner"],"fullName":"SubscriptionBanner should render upgrade content for non-pro users","status":"passed","title":"should render upgrade content for non-pro users","duration":7.75065799999993,"failureMessages":[],"meta":{},"tags":[]},{"ancestorTitles":["SubscriptionBanner"],"fullName":"SubscriptionBanner should render pro member content for pro users","status":"passed","title":"should render pro member content for pro users","duration":3.2120310000000245,"failureMessages":[],"meta":{},"tags":[]},{"ancestorTitles":["SubscriptionBanner"],"fullName":"SubscriptionBanner should not render upgrade content for pro users","status":"passed","title":"should not render upgrade content for pro users","duration":2.4696050000000014,"failureMessages":[],"meta":{},"tags":[]},{"ancestorTitles":["SubscriptionBanner"],"fullName":"SubscriptionBanner should render with default isPro=false","status":"passed","title":"should render with default isPro=false","duration":6.835156999999981,"failureMessages":[],"meta":{},"tags":[]},{"ancestorTitles":["SubscriptionBanner"],"fullName":"SubscriptionBanner should handle onClick callback","status":"passed","title":"should handle onClick callback","duration":9.715866000000005,"failureMessages":[],"meta":{},"tags":[]}],"startTime":1775335065041,"endTime":1775335065139.7158,"status":"passed","message":"","name":"/home/user/ownjournal/src/components/subscription/__tests__/SubscriptionBanner.test.tsx"}]}